24
17
4
3
6
34
26
7
1
1197
4
18
61
2
2
43
4
4
3
88
11
2
10
31
16
5
10
1
15
14
5
6
3
2
4
1
2
2
8
2
565
2
6
7
1
22
64
9
7
4
1
53
11
16
20
11
3
34
7
3
3
17
18
3
2
3
4
1
11
3
2
2
14
7
42
119
1
25
37
52
1
9
4
10
2
4
2
3
31
17
2
1
3
2
2
1
5
12
18
16
24
21
12
4
16
4
61
8
70
4
16
1
6
1
4
16
2
1
1
4
1
7
6
59
16
7
3
6
2
13
1
11
1
2
1
20
16
5
8
12
13
19
8
5
14
4
4
316
1
1
4
6
1
6
24
14
1
13
29
1
2
6
11
4
1
1
11
3
76
2
20
17
48
52
5
8
95
17
4
1
22
4
4
55
7
8
1
19
3
3
668
15
125
20
1
15
17
3
3
2
6
42
5
9
15
4
139
1
5
16
7
15
2
2
8
1
5
9
3
44
29
29
24
30
14
2
28
3
4
14
71
8
5
22
2
11
2
18
8
118
32
9
1
6
22
3
10
3
6
15
30
1
1
214
43
5
1
6
18
110
7
1407
17
11
29
9
10
2
198
2
1
4
66
4
1
6
19
1
38
1
15
15
22
1
2
9
99
20
21
1
24
5
3
10
2
13
87
2
87
2
12
164
12
1
43
5
8
3
2
2
3
24
10
2
15
4
2
4
7
1
8
4
4
3
108
22
17
9
14
5
1
3
19
9
4
12
41
9
24
17
9
1
6
18
12
11
4
4
13
26
113
10
1
8
5
634
7
1
48
45
1
18
8
1
1
33
7
5
98
24
11
2
19
189
528
10
4
10
3
2
1
3
5
9
8
1
13
3
3
2
7
13
8
15
5
3
11
22
2
17
14
9
7
12
1
12
3
5
61
11
29
2
13
40
27
2
6
30
2
3
3
3
63
1
5
4
23
23
2
1
8
1
118
1
8
11
5
9
1
7
4
4
48
3
2
73
29
1
1
1
25
21
89
8
29
8
8
1
98
8
40
2
18
1
203
7
2
20
5
26
1
8
10
12
3
3
2
3
7
2
9
6
23
7
3
5
7
38
1
2
1
23
1
1
26
5
3
6
4
10
12
1
61
1
22
3
2
11
5
21
63
13
2
28
2
9
10
2
5
7
7
3
1
1
4
108
11
23
2
10
4
9
8
14
7
2
3
35
11
17
16
45
43
10
1
182
5
16
11
3
2
4
8
2
12
24
2
3
1
2
3
27
9
4
2
2
22
3
1
3
2
3
1
3
7
3
7
24
4
8
322
1
1
9
2
3
6
19
1
3
2
25
3
15
9
70
3
7
3
11
23
8
1
13
4
1
1
9
1
64
23
14
8
5
72
10
14
7
117
79
105
2
8
1
4
17
20
4
2
2
6
8
70
6
6
2
1
11
9
28
11
38
1
6
1
1
16
10
3
10
1
8
5
211
6
1
1
1
15
2
4
2
1
2
19
100
4
6
2
3
8
1
6
27
2
1
12
1
1
8
3
5
3
7
7
1
4
60
7
7
1
3
6
2
1
9
1
2
1
15
6
50
17
80
5
18
10
34
2
1
13
12
1
14
4
14
18
16
3
18
1
22
27
6
9
2
3
1
2
6
7
5
7
43
4
1
3
1
11
14
6
11
8
31
10
27
17
6
6
4
95
1
5
27
1
5
2
7
2
21
9
8
1
81
1
34
11
1
26
37
1
2
7
3
708
41
31
13
10
5
20
5
8
14
8
6
12
1
1
8
9
3
11
20
31
3
3
1
13
8
4
1
42
17
3
8
6
4
2
4
4
3
3
16
5
10
69
11
4
1
1
2
3
203
17
8
18
15
5
12
2
2
9
3
4
25
14
10
126
6
1
2
2
1
3
66
8
1
7
14
8
4
1
1
7
4
8
4
1
1
3
18
100
24
5
38
44
18
9
62
6
58
1
20
2
2
70
4
4
2
1
8
2
2
11
16
47
5
3
58
51
2
1
105
41
14
35
5
11
3
1
4
7
2
12
1
4
2
3
2
2
6
89
4
26
1
1
1
1
3
1
1
4
9
3
11
2
1
4
11
1
203
32
4
8
135
79
165
2
1
42
1
38
12
2
121
6
1
2
2
12
8
2
31
443
22
15
6
42
1
15
127
3
10
6
12
1
2
16
10
54
18
15
1
6
9
1
1
1
42
3
4
38
4
1
50
3
60
104
8
19
2
2
8
8
12
3
6
1
1
1
10
1
3
15
18
4
18
161
4
12
7
112
22
1
29
4
14
6
5
1
4
2
2
5
4
7
4
11
3
4
10
1
21
4
5
2
19
4
16
2
18
1
3
19
1
1
1
4
1
10
16
11
1
7
35
3
22
14
9
5
2
1
4
8
2
38
14
11
5
2
8
17
41
10
2
5
4
6
5
1
14
7
28
1
6
54
5
3
21
4
1
13
5
1
7
7
4
14
1
10
2
8
1
3
11
1
3
8
15
25
1
1
1
1
1
29
20
5
2
3
1
4
25
6
1
45
18
4
1
3
2
5
21
1
1
4
6
6
4
3
21
25
5
11
11
3
8
15
2
1
19
3
3
18
2
3
1
38
6
61
2
24
24
5
5
2
1
3
1
10
11
6
4
12
1
13
9
1
22
3
6
1
1
4
62
2
143
1
4
9
135
4
1
1
2
1
1
3
2
6
1
1
19
4
2
17
35
2
1
3
18
1
9
16
1
3
1
2
9
1
5
1
33
2
7
35
1
40
2
7
8
57
9
3
15
74
60
2
20
2
4
16
90
66
3
1
21
4
2
2
7
21
43
29
3
33
1
3
3
10
9
12
3
25
17
8
42
8
25
7
2
6
17
1
8
8
30
5
3
11
12
24
1
7
12
6
36
23
2
91
2
5
5
25
4
5
1
3
128
2
12
3
26
6
49
92
6
1
23
8
60
101
3
197
80
40
14
5
6
2
7
91
2
8
833
5
198
1
8
46
1
37
96
35
5
14
14
33
575
2
8
13
96
10
3
2
1
169
8
3
253
11
58
4
1
131
59
177
99
2
1
50
2
36
3
5
18
199
8
5
17
47
6
45
17
4
9
2
3
3
1
11
8
1
2
4
5
2
1
5
7
4
2
1
2
2
20
4
13
5
1
6
8
8
7
2
23
9
3
21
3
13
44
2
2
13
7
35
2
21
4
2
4
17
2
33
12
8
14
1
1
2
5
1
1
4
8
1
8
2
1
2
3
4
7
1
2
3
11
2
46
10
9
2
3
1
26
5
3
59
2
1
7
1
2
4
3
11
20
1
4
7
2
16
3
1
8
2
6
10
1
2
6
1
5
10
1
2
7
7
1
3
2
1
3
1
7
5
3
1
1
3
1
8
7
10
16
5
7
5
1
10
36
1
7
15
21
21
34
1
3
58
39
8
4
3
2
4
1
13
2
1
2
3
13
2
21
12
22
1
39
14
36
18
26
3
3
223
1
3
1
2
235
3
8
9
24
3
3
2
11
2
7
19
2
15
1
7
8
10
10
3
1
30
1
36
13
16
4
8
26
21
1
11
18
1
11
1
40
3
1
15
8
2
29
44
139
2
1
3
12
3
1
1
4
9
3
3
5
19
196
7
2
21
6
3
2
3
2
6
11
2
5
1
1
1
3
18
42
2
4
6
9
1
1
1
1
2
1
4
1
9
103
4
8
1
4
2
3
1
124
9
4
11
2
12
204
154
11
5
3
10
4
5
5
5
55
13
102
3
1
8
4
1
27
4
23
45
7
3
10
5
1
7
5
12
21
16
11
10
2
5
10
10
7
13
1
8
4
12
1
19
12
9
2
1
7
13
1
41
11
5
10
14
12
4
21
11
1
1
4
25
9
3
120
12
8
33
8
14
7
14
1
24
3
6
9
34
3
25
6
1
1
5
3
5
1
6
7
5
1
8
10
1
5
24
11
6
8
10
1
3
2
9
47
4
9
8
5
1
2
4
10
3
1
26
13
12
3
3
1
5
3
10
4
6
16
12
73
46
1
21
35
1
51
2
23
15
2
5
1
5
5
5
4
12
4
12
4
25
1
1
1
1
40
10
4
194
19
2
6
12
5
1
4
8
17
1
8
1
2
4
7
5
4
5
50
1
2
3
2
5
70
10
15
11
6
3
1
22
2
11
1
9
9
1
31
5
51
4
8
1
8
13
8
2
2
1
1
4
9
22
5
7
1
11
78
5
48
12
2
3
1
5
9
3
3
6
10
4
1
9
6
1
8
1
7
6
16
2
3
1
4
2
1
22
1
2
1
1
4
16
2
31
1
1
3
1
6
19
2
12
77
8
2
1
2
2
1
2
3
6
4
6
2
64
42
66
4
1
12
47
5
6
6
3
8
2
12
7
2
1
1
19
2
9
1
6
3
2
1
13
2
19
8
1
3
1
5
14
3
14
1
7
11
5
15
1
8
205
17
1
9
1
16
12
1
4
7
4
7
10
15
3
16
28
23
1
1
1
12
36
10
1
9
20
3
36
1
4
7
7
2
2
2
1
1
2
7
2
51
29
1
2
2
17
21
27
1
2
1
25
11
1
3
1
3
1
12
3
26
2
1
4
1
7
5
1
2
1
1
4
9
30
5
18
5
6
54
5
2
9
11
2
1
16
4
2
1
1
3
2
1
2
2
11
2
2
1
1
2
20
1
3
46
3
1
2
9
2
1
1
6
83
1
5
38
6
1
6
4
3
1
1
8
1
13
71
8
5
10
27
4
5
1
9
30
6
26
1
1
3
1
4
1
12
9
8
7
1
4
6
2
16
1
39
3
35
3
9
13
10
19
8
14
12
3
1
9
4
3
14
2
2
10
3
17
1
6
124
16
9
16
31
46
4
8
4
46
8
68
2
1
14
12
3
3
1
2
11
16
14
1
1
8
5
1
9
2
80
1
5
1
1
9
3
2
2
77
3
1
1
1
1
4
3
15
3
5
15
3
22
5
2
2
15
4
4
5
1
1
15
2
33
1
1
3
1
32
2
11
5
15
9
4
130
7
10
3
1
3
3
12
1
1
28
2
1
1
2
10
2
15
2
1
2
2
3
8
4
3
24
18
13
3
3
7
2
9
2
45
1
3
2
9
3
2
13
3
3
2
9
24
26
2
7
5
1
13
3
2
1
8
1
2
7
1
1
2
7
3
1
5
7
73
8
10
4
4
7
1
5
5
1
7
1
24
5
75
3
1
31
21
5
5
1
2
2
1
6
13
13
3
16
6
1
1
1
17
3
2
2
36
30
9
10
2
1
5
3
1
13
1
6
1
1
1
9
10
8
1
6
20
9
2
14
1
1
17
9
10
2
4
10
3
2
2
1
1
4
2
2
2
2
1
21
12
7
3
54
2
1
1
1
2
18
5
3
4
2
4
2
10
3
1
2
7
2
4
2
1
8
7
1
2
14
1
3
9
15
1
13
4
2
2
18
3
7
48
6
34
1
22
38
12
14
8
24
86
4
78
5
10
7
20
50
11
4
4
2
2
8
103
20
35
96
6
25
6
1
49
15
1
3
116
8
2
3
1
4
1
12
5
1
10
1
2
4
1
1
2
5
2
1
3
64
4
8
4
9
2
2
2
2
7
4
1
18
1
9
2
1
6
64
3
2
1
47
4
3
24
12
8
8
9
2
8
1
2
6
37
2
5
4
1
3
2
63
5
6
2
7
9
2
9
2
4
12
8
3
9
5
2
4
1
71
2
1
2
9
8
3
38
13
25
4
5
21
2
13
4
11
2
2
7
1
19
10
1
1
2
1
6
9
4
1
6
2
4
31
1
7
43
11
2
7
7
4
8
3
2
1
30
3
18
7
9
9
38
9
4
10
3
172
11
1
61
9
46
6
12
34
5
1
100
1
3
2
14
73
4
23
80
2
3
2
9
3
67
4
5
31
1
4
10
24
6
4
1
2
3
6
132
21
1
5
2
1
1
10
10
69
1
2
5
7
30
7
9
13
17
4
8
1
1
37
1
1
2
3
6
3
2
9
6
2
1
10
15
16
6
6
23
10
12
1
3
2
1
17
1
9
6
1
4
1
8
10
5
17
2
5
6
11
2
11
1
1
2
4
20
10
1
2
3
2
12
17
2
1
5
8
3
36
5
3
5
2
2
6
5
3
4
5
4
3
4
2
5
1
4
2
19
2
1
2
7
1
2
22
13
10
3
5
15
2
36
1
3
7
1
2
10
1
1
4
1
10
73
29
71
2
2
1
1
2
19
10
58
6
6
9
2
15
2
3
7
21
1
9
2
23
14
13
9
9
17
10
2
18
2
5
4
4
17
6
2
10
13
4
1
6
6
1
9
1
45
3
71
46
2
12
1
3
7
2
9
5
1
1
1
125
17
9
7
1
2
5
1
1
8
8
51
4
17
4
17
8
1
8
14
1
30
78
5
2
3
5
3
1
3
2
1
10
13
10
3
52
20
3
1
2
4
16
3
6
7
1
6
10
1
4
2
9
28
1
20
9
2
6
3
10
8
6
4
82
8
6
7
8
13
3
12
1
1
2
5
18
8
1
23
1
3
2
1
5
10
6
9
6
5
31
7
7
2
4
18
2
12
1
7
12
4
1
1
3
3
3
3
2
1
1
22
1
3
10
2
3
6
1
11
1
7
5
6
10
8
1
1
1
1
3
6
3
9
31
53
10
1
79
31
110
1
23
4
82
5
5
6
13
4
12
1
2
7
1
3
3
1
6
5
4
18
6
13
1
2
10
5
1
7
1
2
96
5
2
4
1
9
3
7
2
12
7
2
1
32
3
4
2
9
3
1
26
4
4
10
8
1
3
6
2
2
2
7
16
1
28
2
23
1
1
1
2
2
20
10
16
26
1
7
140
3
4
6
11
3
3
3
2
23
1
10
2
62
3
4
1
9
39
1
3
26
3
15
3
8
17
3
1
15
48
15
1
2
3
3
1
4
6
6
7
55
5
9
2
4
3
6
1
17
5
3
43
95
3
3
41
6
23
1
2
2
7
55
1
5
1
4
7
1
93
5
1
3
2
1
3
10
10
11
1
57
2
2
69
1
1
3
1
1
4
1
7
6
4
12
1
1
1
2
1
61
28
54
12
1
3
6
3
1
4
20
6
1
14
5
1
5
2
13
10
15
2
4
2
10
1
1
1
2
15
5
6
21
1
33
7
14
3
5
23
8
7
3
1
24
3
4
1
1
33
8
54
2
4
4
2
1
1
11
3
2
2
2
1
27
6
4
19
1
10
1
1
21
29
4
13
8
3
1
14
4
1
137
19
6
1
84
2
10
9
5
1
5
1
1
2
4
33
3
2
1
3
17
2
13
3
17
6
2
4
4
2
6
2
19
1
2
1
31
3
13
1
27
2
3
1
6
49
5
2
24
14
45
4
2
15
5
1
45
2
1
9
25
8
5
1
34
12
7
31
7
1
1
1
79
6
1
1
3
6
33
11
3
11
2
2
1
5
39
6
6
12
4
7
2
6
21
42
2
10
3
12
12
5
1
7
2
3
1
38
21
1
1
12
1
25
3
1
1
2
1
9
10
20
20
3
1
33
1
2
6
372
32
41
5
1
5
1
7
8
2
67
19
18
23
11
2
30
3
11
2
10
1
12
2
1
25
1
1
6
4
3
1
1
4
15
2
1
3
1
1
5
9
10
1
14
4
1
75
3
22
24
4
1
11
2
1
12
1
1
3
5
1
1
7
1
19
4
2
3
1
1
14
7
11
1
3
1
7
2
3
4
9
4
3
3
158
1
17
14
3
2
3
5
1
14
6
15
6
26
3
2
3
209
5
1
2
1
15
2
7
1
5
1
8
1
4
2
8
1
13
3
12
8
1
5
3
49
39
3
1
3
13
4
5
3
10
6
56
37
1
1
3
14
6
4
3
1
3
3
5
1
13
2
3
15
11
5
1
10
2
3
15
28
5
82
7
30
4
7
7
10
1
13
17
6
8
20
1
1
6
1
1
14
6
11
1
1
8
3
6
2
3
1
4
2
3
1
2
6
1
4
2
1
38
1
10
9
20
7
3
2
11
12
1
5
46
9
6
13
30
2
16
2
18
1
1
14
1
52
6
21
13
3
7
134
62
3
2
2
15
1
6
1
2
3
1
1
3
1
6
18
6
17
15
5
25
64
3
4
3
1
13
30
3
1
7
23
1
13
1
12
4
1
9
7
19
16
51
8
1
73
1
6
1
1
4
1
3
3
2
1
12
1
7
30
2
12
10
5
4
3
19
5
2
22
30
14
3
2
6
1
1
25
5
72
14
27
4
3
25
1
16
3
1
3
2
18
4
4
1
17
9
2
3
3
2
4
3
6
1
21
3
3
6
5
2
1
22
1
9
2
2
1
1
5
2
2
22
1
2
1
37
13
1
9
3
195
4
1
4
36
9
1
1
6
1
8
3
1
1
8
3
6
3
1
4
12
1
7
1
5
5
12
3
3
8
9
1
2
15
1
6
1
12
1
6
12
1
8
9
17
6
1
2
1
7
10
12
25
7
4
1
61
8
1
5
2
14
55
7
2
6
21
13
6
14
2
35
1
5
1
13
32
4
3
13
5
3
2
5
7
13
12
6
3
4
1
4
3
19
9
29
14
6
39
6
4
1
10
1
4
1
23
7
6
2
2
3
12
12
17
10
3
1
1
1
5
1
9
2
1
8
2
12
18
9
1
4
20
5
12
8
19
2
20
9
41
123
17
20
3
1
7
8
1
13
4
1
4
18
2
1
15
1
1
2
2
2
8
1
28
18
42
13
2
3
1
29
8
33
11
11
4
2
1
8
5
1
10
9
2
5
7
1
6
11
6
10
3
7
10
8
12
13
1
1
6
1
4
1
1
7
4
1
3
7
10
15
2
45
1
60
2
5
2
1
1
3
5
3
6
1
7
8
6
6
1
1
1
8
6
3
170
3
1
2
92
8
4
8
16
25
1
3
3
15
1
1
3
4
10
59
17
5
2
1
2
1
2
1
1
10
1
2
1
2
9
22
12
3
1
2
5
14
7
5
6
9
19
2
1
3
31
1
1
1
3
7
2
2
11
28
11
5
7
2
1
25
47
12
12
5
6
23
17
10
1
3
2
18
8
68
6
2
4
5
27
6
4
5
2
2
11
2
1
4
4
2
10
14
32
4
10
1
6
3
2
1
3
4
7
2
23
1
1
28
7
4
2
1
1
1
4
11
2
3
22
7
20
1
12
3
6
2
9
1
5
3
10
1
12
2
14
1
15
3
3
1
1
2
6
2
7
9
1
12
23
2
8
2
4
3
2
2
7
12
9
13
4
3
1
4
3
1
16
14
14
1
13
12
10
14
1
1
13
11
1
2
1
1
7
2
11
4
2
1
6
21
1
5
4
1
5
5
1
88
11
4
12
25
8
8
38
4
6
1
4
4
8
24
6
2
9
16
2
1
8
3
2
3
3
10
10
5
19
32
4
113
31
10
3
5
18
1
27
3
12
14
22
16
2
3
4
4
31
2
11
4
1
3
8
10
77
3
1
29
10
4
3
4
1
60
63
45
2
60
5
1
1
1
30
3
54
1
1
6
4
2
11
20
10
43
9
1
6
1
1
11
1
7
15
5
48
6
3
6
1
4
1
10
2
13
26
4
6
1
4
6
11
1
36
2
2
27
23
43
9
1
3
2
5
69
4
4
3
2
65
13
7
2
30
1
1
15
10
1
6
1
2
42
5
21
13
5
15
26
1
2
1
6
6
4
11
2
7
1
29
6
1
8
19
3
1
2
4
1
1
5
17
4
4
5
4
1
1
1
2
1
14
6
9
50
5
5
30
4
2
27
16
15
1
1
1
7
1
2
3
3
1
10
10
4
5
16
1
1
2
1
9
2
5
3
13
9
1
3
7
1
1
20
10
2
22
5
2
6
1
36
14
1
2
4
32
3
9
2
1
1
1
7
4
1
4
3
3
64
1
6
11
9
1
8
1
1
2
2
7
39
17
1
2
1
3
1
19
1
2
1
2
17
2
1
6
9
1
58
2
4
4
37
1
1
9
20
1
2
2
7
3
1
11
15
9
4
8
6
13
9
2
1
24
9
7
5
16
5
5
14
8
6
29
2
6
7
3
3
3
7
2
1
4
23
4
4
7
1
2
4
3
3
22
25
3
64
5
9
6
1
1
23
12
3
32
32
1
1
71
8
3
1
6
7
9
16
5
8
1
1
6
1
1
30
19
28
18
16
1
3
10
7
1
10
5
7
13
1
3
3
2
4
1
5
9
13
23
19
6
5
19
89
99
55
1
28
11
26
43
23
231
13
68
2
35
1
5
9
8
10
54
16
79
32
3
1
18
33
2
1
5
5
5
43
1
4
9
7
1
4
2
9
22
2
6
25
12
21
1
7
77
29
3
3
13
1
4
1
2
1
1
1
1
2
4
6
3
27
1
1
5
2
1
6
5
3
17
27
9
1
5
2
10
14
2
4
14
2
4
4
21
2
7
38
11
3
14
1
6
5
3
1
6
6
1
1
3
2
1
2
7
1
197
1
10
10
1
2
6
6
8
3
5
3
4
9
1
1
1
16
6
1
17
2
1
1
2
8
20
7
38
3
1
12
5
1
1
15
5
1
1
14
1
2
1
6
1
3
10
1
1
1
3
3
2
20
5
5
1
4
3
35
2
1
5
2
1
1
18
1
2
9
2
12
4
2
4
3
40
13
5
1
5
4
1
4
18
3
5
34
1
4
13
21
2
1
10
1
4
33
1
1
15
6
6
18
45
10
5
17
1
2
2
6
1
6
1
39
34
56
9
2
2
7
27
7
7
1
57
4
3
5
1
2
134
3
6
19
16
5
3
3
6
4
2
22
3
8
18
68
64
2
6
3
7
6
2
1
16
6
9
11
1
4
1
1
1
2
1
2
2
10
4
9
16
71
9
4
2
1
2
1
4
2
12
1
1
5
9
10
2
8
4
39
14
23
3
22
1
27
3
2
10
11
1
2
2
1
1
6
4
2
9
8
1
4
1
28
2
5
7
13
8
1
2
5
7
1
5
7
3
23
2
3
1
7
8
6
3
5
5
11
36
2
8
5
1
1
3
4
6
2
5
6
1
2
303
17
22
7
2
7
4
5
11
3
106
1
1
6
9
1
2
10
15
20
3
10
1
1
1
3
4
11
13
4
105
96
6
5
1
5
1
2
1
18
2
1
1
1
2
5
3
5
5
1
6
2
2
30
4
4
8
1
13
5
3
6
6
2
25
1
6
2
9
4
2
1
1
2
6
2
73
7
1
1
2
4
1
2
5
2
13
19
8
8
5
2
1
1
14
24
1
68
18
1
15
1
8
1
1
8
2
1
2
43
2
4
8
8
1
1
1
2
3
7
1
3
1
1
3
6
10
6
8
2
12
44
34
1
2
2
31
15
3
17
2
32
1
4
4
10
21
1
10
1
2
8
11
2
5
11
4
1
15
1
5
2
1
4
14
1
1
2
8
7
2
1
1
3
27
1
2
78
5
13
1
4
2
1
8
13
9
1
4
1
5
5
6
7
6
1
4
4
13
11
10
32
2
44
55
17
3
4
3
1
13
2
5
2
7
72
3
3
7
5
7
1
5
6
14
1
2
1
26
14
5
14
1
5
5
1
4
1
8
4
1
23
1
18
1
1
24
2
19
1
2
9
19
1
6
2
7
6
3
1
13
1
11
3
3
5
2
1
4
2
52
5
3
24
1
1
1
1
7
1
3
3
9
7
7
379
5
1
2
1
25
2
1
1
1
1
35
3
17
2
1
8
32
7
1
1
16
4
4
7
5
1
3
1
2
9
16
1
1
12
3
2
9
4
20
61
4
1
2
3
3
61
4
14
24
29
14
1
5
7
2
6
2
26
7
4
11
8
14
12
1
1
3
7
4
13
3
1
4
9
1
1
7
2
13
3
217
9
99
1
6
3
2
7
8
4
51
15
1
6
1
1
2
3
3
1
5
2
1
1
1
2
2
6
20
2
1
9
2
3
2
2
5
2
3
75
4
25
5
4
42
53
5
10
14
2
5
11
7
14
1
28
9
7
2
16
3
2
9
15
26
2
9
4
2
3
1
3
1
65
19
1
2
3
3
1
1
1
2
8
1
1
2
4
3
65
8
3
19
954
16
5
16
1
5
15
4
11
1
1
2
2
1
1
1
4
3
9
1
3
2
5
4
11
8
1
6
2
2
1
4
14
1
1
11
1
50
4
2
5
17
4
2
10
1
6
5
1
4
11
8
1
6
80
6
7
5
10
15
2
1
1
10
4
13
2
1
14
4
4
4
4
14
3
2
2
7
4
2
3
13
4
6
55
10
8
1
13
3
5
4
8
13
19
17
4
1
2
2
4
26
17
25
1
11
6
3
1
1
1
6
2
3
3
5
10
18
4
2
12
2
51
8
2
6
1
1
3
9
1
3
1
19
4
10
1
2
11
1
2
4
1
1
1
1
6
5
1
8
5
8
23
24
2
15
2
4
37
7
5
3
5
1
3
2
1
12
8
4
4
5
1
5
1
3
13
2
1
3
1
11
17
4
1
13
27
123
8
9
3
6
3
2
1
5
7
2
15
5
1
7
12
9
19
2
2
1
8
2
8
1
1
7
1
1
9
4
5
5
4
157
24
2
25
3
3
5
4
6
5
4
1
6
1
9
3
2
3
8
33
1
1
6
1
3
9
7
15
6
6
2
17
1
3
7
2
2
27
1
3
1
18
5
6
1
1
7
1
1
9
13
1
11
15
12
6
2
20
11
1
5
1
11
9
32
8
11
2
2
16
19
2
2
2
4
4
2
6
18
49
11
1
36
7
12
13
50
25
6
1
14
14
14
9
1
3
29
31
27
3
8
3
7
20
4
5
2
4
29
5
12
5
7
15
6
1
3
2
3
24
3
3
3
5
8
30
3
7
1
4
10
6
5
1
18
14
10
96
21
1
5
1
2
65
5
2
1
8
10
4
7
23
1
28
8
12
6
2
4
1
4
12
1
3
1
1
48
16
31
6
9
3
16
59
63
15
14
1
38
4
4
13
8
14
5
12
4
1
3
3
26
2INFO:root:Tue, 03 May 2016 16:31:34  START
INFO:root:evalLimitCM
INFO:root:Tue, 03 May 2016 16:31:46  START
INFO:root:evalLimitCM
INFO:root:Tue, 03 May 2016 16:41:51  START
INFO:root:Tue, 03 May 2016 16:42:02  START
INFO:root:evalLimitCM
INFO:root:Tue, 03 May 2016 16:43:46  START
INFO:root:Tue, 03 May 2016 16:43:55  START
INFO:root:evalLimitCM
INFO:root:Tue, 03 May 2016 16:44:13  START
INFO:root:evalLimitCM
INFO:root:Tue, 03 May 2016 16:44:59  START
INFO:root:evalLimitCM
INFO:root:Tue, 03 May 2016 16:46:02  START
INFO:root:evalLimitCM
INFO:root:Tue, 03 May 2016 16:46:39  START
INFO:root:evalLimitCM
INFO:root:Tue, 03 May 2016 16:47:24  START
INFO:root:evalLimitCM
INFO:root:Tue, 03 May 2016 16:48:38  START
INFO:root:evalLimitCM
INFO:root:Tue, 03 May 2016 16:48:59  START
INFO:root:evalLimitCM
INFO:root:Tue, 03 May 2016 16:50:06  START
INFO:root:evalLimitCM
INFO:root:Tue, 03 May 2016 16:50:25  START
INFO:root:evalLimitCM
INFO:root:Tue, 03 May 2016 16:50:58  START
INFO:root:evalLimitCM
INFO:root:Tue, 03 May 2016 16:52:19  START
INFO:root:evalLimitCM
INFO:root:Tue, 03 May 2016 16:53:35  START
INFO:root:evalLimitCM
INFO:root:Tue, 03 May 2016 16:54:24  START
INFO:root:evalLimitCM
INFO:root:Tue, 03 May 2016 16:54:40  START
INFO:root:evalLimitCM
INFO:root:Tue, 03 May 2016 16:55:04  START
INFO:root:evalLimitCM
INFO:root:Tue, 03 May 2016 16:56:03  START
INFO:root:evalLimitCM
INFO:root:Tue, 03 May 2016 16:56:19  START
INFO:root:evalLimitCM
INFO:root:Tue, 03 May 2016 16:58:20  START
INFO:root:evalLimitCM
INFO:root:Tue, 03 May 2016 16:59:49  START
INFO:root:evalLimitCM
INFO:root:Tue, 03 May 2016 17:00:24  START
INFO:root:evalLimitCM
INFO:root:Tue, 03 May 2016 17:00:57  START
INFO:root:evalLimitCM
INFO:root:Tue, 03 May 2016 17:02:29  START
INFO:root:evalLimitCM
INFO:root:Tue, 03 May 2016 17:04:28  START
INFO:root:evalLimitCM
INFO:root:Tue, 03 May 2016 17:06:05  START
INFO:root:evalLimitCM
INFO:root:Tue, 03 May 2016 17:06:50  START
INFO:root:evalLimitCM
INFO:root:Tue, 03 May 2016 17:08:33  START
INFO:root:evalLimitCM
INFO:root:Tue, 03 May 2016 17:10:14  START
INFO:root:evalLimitCM
INFO:root:Tue, 03 May 2016 17:10:51  START
INFO:root:evalLimitCM
INFO:root:Tue, 03 May 2016 17:11:50  START
INFO:root:Tue, 03 May 2016 17:12:40  START
INFO:root:evalLimitCM
INFO:root:Tue, 03 May 2016 17:13:20  START
INFO:root:evalLimitCM
INFO:root:Tue, 03 May 2016 17:13:34  START
INFO:root:evalLimitCM
INFO:root:Tue, 03 May 2016 17:13:53  START
INFO:root:evalLimitCM
INFO:root:Tue, 03 May 2016 17:15:23  START
INFO:root:evalLimitCM
INFO:root:Tue, 03 May 2016 17:15:47  START
INFO:root:evalLimitCM
INFO:root:Tue, 03 May 2016 17:27:46  START
INFO:root:Tue, 03 May 2016 17:33:05  START
INFO:root:evalLimitCM
INFO:root:Tue, 03 May 2016 17:34:51  START
INFO:root:evalLimitCM
INFO:root:Tue, 03 May 2016 17:39:51  START
INFO:root:Tue, 03 May 2016 17:40:16  START
INFO:root:evalLimitCM
INFO:root:Tue, 03 May 2016 17:41:32  START
INFO:root:evalLimitCM
INFO:root:Tue, 03 May 2016 17:41:45  START
INFO:root:evalLimitCM
INFO:root:Tue, 03 May 2016 17:42:05  START
INFO:root:evalLimitCM
INFO:root:Tue, 03 May 2016 17:43:06  START
INFO:root:evalLimitCM
INFO:root:Tue, 03 May 2016 18:02:15  START
INFO:root:evalLimitCM
INFO:root:evalLimitCM
INFO:root:evalLimitCM
INFO:root:evalLimitCM
INFO:root:evalLimitCM
INFO:root:evalLimitCM
INFO:root:evalLimitCM
INFO:root:evalLimitCM
INFO:root:evalLimitCM
INFO:root:evalLimitCM
INFO:root:Tue, 03 May 2016 18:06:36  START
INFO:root:Tue, 03 May 2016 18:07:15  START
INFO:root:evalLimitCM
INFO:root:evalLimitCM
INFO:root:evalLimitCM
INFO:root:evalLimitCM
INFO:root:evalLimitCM
INFO:root:evalLimitCM
INFO:root:evalLimitCM
INFO:root:evalLimitCM
INFO:root:evalLimitCM
INFO:root:evalLimitCM
INFO:root:Tue, 03 May 2016 18:08:12  START
INFO:root:Tue, 03 May 2016 18:10:24  START
INFO:root:evalLimitCM
INFO:root:evalLimitCM
INFO:root:evalLimitCM
INFO:root:evalLimitCM
INFO:root:evalLimitCM
INFO:root:evalLimitCM
INFO:root:evalLimitCM
INFO:root:evalLimitCM
INFO:root:evalLimitCM
INFO:root:evalLimitCM
INFO:root:Tue, 03 May 2016 18:12:00  START
INFO:root:evalLimitCM
INFO:root:evalLimitCM
INFO:root:evalLimitCM
INFO:root:evalLimitCM
INFO:root:evalLimitCM
INFO:root:evalLimitCM
INFO:root:evalLimitCM
INFO:root:evalLimitCM
INFO:root:evalLimitCM
INFO:root:evalLimitCM
INFO:root:Tue, 03 May 2016 18:12:42  START
INFO:root:Tue, 03 May 2016 18:13:25  START
INFO:root:evalLimitCM
INFO:root:evalLimitCM
INFO:root:evalLimitCM
INFO:root:Tue, 03 May 2016 18:13:46  START
INFO:root:evalLimitCM
INFO:root:evalLimitCM
INFO:root:Tue, 03 May 2016 18:14:33  START
INFO:root:evalLimitCM
INFO:root:evalLimitCM
INFO:root:evalLimitCM
INFO:root:evalLimitCM
INFO:root:evalLimitCM
INFO:root:evalLimitCM
INFO:root:evalLimitCM
INFO:root:evalLimitCM
INFO:root:evalLimitCM
INFO:root:evalLimitCM
INFO:root:Tue, 03 May 2016 18:16:26  START
INFO:root:evalLimitCM
INFO:root:evalLimitCM
INFO:root:evalLimitCM
INFO:root:evalLimitCM
INFO:root:Tue, 03 May 2016 18:16:48  START
INFO:root:evalLimitCM
INFO:root:evalLimitCM
INFO:root:evalLimitCM
INFO:root:evalLimitCM
INFO:root:evalLimitCM
INFO:root:evalLimitCM
INFO:root:evalLimitCM
INFO:root:evalLimitCM
INFO:root:evalLimitCM
INFO:root:evalLimitCM
INFO:root:evalLimitCM
INFO:root:evalLimitCM
INFO:root:evalLimitCM
INFO:root:evalLimitCM
INFO:root:evalLimitCM
INFO:root:evalLimitCM
INFO:root:evalLimitCM
INFO:root:evalLimitCM
INFO:root:evalLimitCM
INFO:root:evalLimitCM
INFO:root:Tue, 03 May 2016 18:19:00  START
INFO:root:evalLimitC
INFO:root:Tue, 03 May 2016 18:20:11  START
INFO:root:evalLimitC
INFO:root:evalLimitC
INFO:root:evalLimitC
INFO:root:evalLimitC
INFO:root:evalLimitC
INFO:root:evalLimitC
INFO:root:evalLimitC
INFO:root:evalLimitC
INFO:root:evalLimitC
INFO:root:evalLimitC
INFO:root:evalLimitC
INFO:root:evalLimitC
INFO:root:evalLimitC
INFO:root:evalLimitC
INFO:root:evalLimitC
INFO:root:evalLimitC
INFO:root:evalLimitC
INFO:root:evalLimitC
INFO:root:evalLimitC
INFO:root:evalLimitC
INFO:root:Tue, 03 May 2016 18:23:58  START
INFO:root:evalLimitC
INFO:root:evalLimitC
INFO:root:evalLimitC
INFO:root:evalLimitC
INFO:root:evalLimitC
INFO:root:evalLimitC
INFO:root:evalLimitC
INFO:root:evalLimitC
INFO:root:evalLimitC
INFO:root:evalLimitC
INFO:root:evalLimitC
INFO:root:evalLimitC
INFO:root:evalLimitC
INFO:root:evalLimitC
INFO:root:evalLimitC
INFO:root:evalLimitC
INFO:root:evalLimitC
INFO:root:evalLimitC
INFO:root:evalLimitC
INFO:root:evalLimitC
INFO:root:Tue, 03 May 2016 18:33:17  START
INFO:root:evalLimitC
INFO:root:evalLimitC
INFO:root:evalLimitC
INFO:root:evalLimitC
INFO:root:evalLimitC
INFO:root:evalLimitC
INFO:root:evalLimitC
INFO:root:evalLimitC
INFO:root:evalLimitC
INFO:root:evalLimitC
INFO:root:evalLimitC
INFO:root:evalLimitC
INFO:root:evalLimitC
INFO:root:evalLimitC
INFO:root:evalLimitC
INFO:root:evalLimitC
INFO:root:evalLimitC
INFO:root:evalLimitC
INFO:root:evalLimitC
INFO:root:evalLimitC
INFO:root:Tue, 03 May 2016 18:35:52  START
INFO:root:evalLimitC
INFO:root:evalLimitC
INFO:root:evalLimitC
INFO:root:evalLimitC
INFO:root:evalLimitC
INFO:root:evalLimitC
INFO:root:evalLimitC
INFO:root:evalLimitC
INFO:root:evalLimitC
INFO:root:evalLimitC
INFO:root:evalLimitC
INFO:root:evalLimitC
INFO:root:evalLimitC
INFO:root:evalLimitC
INFO:root:evalLimitC
INFO:root:evalLimitC
INFO:root:evalLimitC
INFO:root:evalLimitC
INFO:root:evalLimitC
INFO:root:evalLimitC
INFO:root:Tue, 03 May 2016 18:37:58  START
INFO:root:evalLimitM
INFO:root:evalLimitM
INFO:root:evalLimitM
INFO:root:evalLimitM
INFO:root:evalLimitM
INFO:root:evalLimitM
INFO:root:evalLimitM
INFO:root:evalLimitM
INFO:root:Tue, 03 May 2016 18:38:24  START
INFO:root:Tue, 03 May 2016 18:38:33  START
INFO:root:Tue, 03 May 2016 18:38:45  START
INFO:root:evalLimitM
INFO:root:evalLimitM
INFO:root:evalLimitM
INFO:root:evalLimitM
INFO:root:evalLimitM
INFO:root:evalLimitM
INFO:root:Tue, 03 May 2016 18:38:57  START
INFO:root:evalLimitM
INFO:root:evalLimitM
INFO:root:evalLimitM
INFO:root:evalLimitM
INFO:root:evalLimitM
INFO:root:evalLimitM
INFO:root:evalLimitM
INFO:root:evalLimitM
INFO:root:evalLimitM
INFO:root:evalLimitM
INFO:root:Tue, 03 May 2016 18:40:51  START
INFO:root:Tue, 03 May 2016 18:41:44  START
INFO:root:evalLimitM
INFO:root:evalLimitM
INFO:root:evalLimitM
INFO:root:evalLimitM
INFO:root:evalLimitM
INFO:root:evalLimitM
INFO:root:evalLimitM
INFO:root:evalLimitM
INFO:root:evalLimitM
INFO:root:evalLimitM
INFO:root:evalLimitM
INFO:root:evalLimitM
INFO:root:evalLimitM
INFO:root:evalLimitM
INFO:root:evalLimitM
INFO:root:evalLimitM
INFO:root:evalLimitM
INFO:root:evalLimitM
INFO:root:evalLimitM
INFO:root:evalLimitM
INFO:root:Tue, 03 May 2016 18:43:35  START
INFO:root:evalLimitM
INFO:root:evalLimitM
INFO:root:evalLimitM
INFO:root:evalLimitM
INFO:root:evalLimitM
INFO:root:evalLimitM
INFO:root:evalLimitM
INFO:root:evalLimitM
INFO:root:evalLimitM
INFO:root:evalLimitM
INFO:root:evalLimitM
INFO:root:evalLimitM
INFO:root:evalLimitM
INFO:root:evalLimitM
INFO:root:evalLimitM
INFO:root:evalLimitM
INFO:root:evalLimitM
INFO:root:evalLimitM
INFO:root:evalLimitM
INFO:root:evalLimitM
INFO:root:evalLimitM
INFO:root:evalLimitM
INFO:root:evalLimitM
INFO:root:evalLimitM
INFO:root:evalLimitM
INFO:root:evalLimitM
INFO:root:evalLimitM
INFO:root:evalLimitM
INFO:root:evalLimitM
INFO:root:evalLimitM
INFO:root:evalLimitM
INFO:root:evalLimitM
INFO:root:evalLimitM
INFO:root:evalLimitM
INFO:root:evalLimitM
INFO:root:evalLimitM
INFO:root:evalLimitM
INFO:root:evalLimitM
INFO:root:evalLimitM
INFO:root:evalLimitM
INFO:root:Tue, 03 May 2016 20:51:29  START
INFO:root:Tue, 03 May 2016 21:06:05  START
INFO:root:Tue, 03 May 2016 21:06:22  START
INFO:root:Tue, 03 May 2016 21:07:29  START
INFO:root:evalLimitM
INFO:root:Tue, 03 May 2016 21:13:37  START
INFO:root:evalLimitM
INFO:root:evalLimitM
INFO:root:evalLimitM
INFO:root:evalLimitM
INFO:root:evalLimitM
INFO:root:evalLimitM
INFO:root:evalLimitM
INFO:root:evalLimitM
INFO:root:evalLimitM
INFO:root:evalLimitM
INFO:root:evalLimitM
INFO:root:evalLimitM
INFO:root:evalLimitM
INFO:root:evalLimitM
INFO:root:evalLimitM
INFO:root:evalLimitM
INFO:root:evalLimitM
INFO:root:evalLimitM
INFO:root:evalLimitM
INFO:root:evalLimitM
INFO:root:evalLimitM
INFO:root:evalLimitM
INFO:root:evalLimitM
INFO:root:evalLimitM
INFO:root:evalLimitM
INFO:root:evalLimitM
INFO:root:evalLimitM
INFO:root:evalLimitM
INFO:root:evalLimitM
INFO:root:evalLimitM
INFO:root:evalLimitM
INFO:root:evalLimitM
INFO:root:evalLimitM
INFO:root:evalLimitM
INFO:root:evalLimitM
INFO:root:evalLimitM
INFO:root:evalLimitM
INFO:root:evalLimitM
INFO:root:evalLimitM
INFO:root:evalLimitM
INFO:root:Tue, 03 May 2016 21:20:11  START
INFO:root:evalLimitM
INFO:root:evalLimitM
INFO:root:evalLimitM
INFO:root:evalLimitM
INFO:root:evalLimitM
INFO:root:evalLimitM
INFO:root:evalLimitM
INFO:root:evalLimitM
INFO:root:evalLimitM
INFO:root:evalLimitM
INFO:root:evalLimitM
INFO:root:evalLimitM
INFO:root:evalLimitM
INFO:root:evalLimitM
INFO:root:evalLimitM
INFO:root:evalLimitM
INFO:root:evalLimitM
INFO:root:evalLimitM
INFO:root:evalLimitM
INFO:root:evalLimitM
INFO:root:Tue, 03 May 2016 21:21:21  START
INFO:root:evalLimitC
INFO:root:evalLimitC
INFO:root:evalLimitC
INFO:root:evalLimitC
INFO:root:evalLimitC
INFO:root:evalLimitC
INFO:root:evalLimitC
INFO:root:evalLimitC
INFO:root:evalLimitC
INFO:root:evalLimitC
INFO:root:evalLimitC
INFO:root:evalLimitC
INFO:root:evalLimitC
INFO:root:evalLimitC
INFO:root:evalLimitC
INFO:root:evalLimitC
INFO:root:evalLimitC
INFO:root:evalLimitC
INFO:root:evalLimitC
INFO:root:evalLimitC
INFO:root:Tue, 03 May 2016 21:28:02  START
INFO:root:evalLimitC
INFO:root:evalLimitC
INFO:root:evalLimitC
INFO:root:evalLimitC
INFO:root:evalLimitC
INFO:root:evalLimitC
INFO:root:evalLimitC
INFO:root:evalLimitC
INFO:root:evalLimitC
INFO:root:evalLimitC
INFO:root:evalLimitC
INFO:root:evalLimitC
INFO:root:evalLimitC
INFO:root:evalLimitC
INFO:root:evalLimitC
INFO:root:evalLimitC
INFO:root:evalLimitC
INFO:root:evalLimitC
INFO:root:evalLimitC
INFO:root:evalLimitC
INFO:root:Tue, 03 May 2016 21:28:47  START
INFO:root:evalLimitM
INFO:root:evalLimitM
INFO:root:evalLimitM
INFO:root:evalLimitM
INFO:root:evalLimitM
INFO:root:evalLimitM
INFO:root:evalLimitM
INFO:root:evalLimitM
INFO:root:evalLimitM
INFO:root:evalLimitM
INFO:root:evalLimitM
INFO:root:evalLimitM
INFO:root:evalLimitM
INFO:root:evalLimitM
INFO:root:evalLimitM
INFO:root:evalLimitM
INFO:root:evalLimitM
INFO:root:evalLimitM
INFO:root:evalLimitM
INFO:root:evalLimitM
INFO:root:Tue, 03 May 2016 21:31:48  START
INFO:root:evalLimitC
INFO:root:evalLimitC
INFO:root:evalLimitC
INFO:root:evalLimitC
INFO:root:evalLimitC
INFO:root:evalLimitC
INFO:root:evalLimitC
INFO:root:evalLimitC
INFO:root:evalLimitC
INFO:root:evalLimitC
INFO:root:evalLimitC
INFO:root:evalLimitC
INFO:root:evalLimitC
INFO:root:evalLimitC
INFO:root:evalLimitC
INFO:root:evalLimitC
INFO:root:evalLimitC
INFO:root:evalLimitC
INFO:root:evalLimitC
INFO:root:evalLimitC
INFO:root:Tue, 03 May 2016 21:32:34  START
INFO:root:evalLimitM
INFO:root:evalLimitM
INFO:root:evalLimitM
INFO:root:evalLimitM
INFO:root:evalLimitM
INFO:root:evalLimitM
INFO:root:evalLimitM
INFO:root:evalLimitM
INFO:root:evalLimitM
INFO:root:evalLimitM
INFO:root:evalLimitM
INFO:root:evalLimitM
INFO:root:evalLimitM
INFO:root:evalLimitM
INFO:root:evalLimitM
INFO:root:evalLimitM
INFO:root:evalLimitM
INFO:root:evalLimitM
INFO:root:evalLimitM
INFO:root:evalLimitM
INFO:root:Tue, 03 May 2016 21:35:29  START
INFO:root:evalLimitC
INFO:root:evalLimitC
INFO:root:Tue, 03 May 2016 21:37:35  START
INFO:root:evalLimitC
INFO:root:evalLimitC
INFO:root:evalLimitC
INFO:root:evalLimitC
INFO:root:evalLimitC
INFO:root:evalLimitC
INFO:root:evalLimitC
INFO:root:Tue, 03 May 2016 21:41:32  START
INFO:root:evalLimitC
INFO:root:evalLimitC
INFO:root:evalLimitC
INFO:root:evalLimitC
INFO:root:evalLimitC
INFO:root:evalLimitC
INFO:root:evalLimitC
INFO:root:evalLimitC
INFO:root:evalLimitC
INFO:root:evalLimitC
INFO:root:evalLimitC
INFO:root:evalLimitC
INFO:root:evalLimitC
INFO:root:evalLimitC
INFO:root:evalLimitC
INFO:root:evalLimitC
INFO:root:evalLimitC
INFO:root:evalLimitC
INFO:root:evalLimitC
INFO:root:evalLimitC
INFO:root:Tue, 03 May 2016 21:42:55  START
INFO:root:evalLimitC
INFO:root:evalLimitC
INFO:root:evalLimitC
INFO:root:evalLimitC
INFO:root:evalLimitC
INFO:root:evalLimitC
INFO:root:evalLimitC
INFO:root:evalLimitC
INFO:root:evalLimitC
INFO:root:evalLimitC
INFO:root:evalLimitC
INFO:root:evalLimitC
INFO:root:evalLimitC
INFO:root:evalLimitC
INFO:root:evalLimitC
INFO:root:evalLimitC
INFO:root:evalLimitC
INFO:root:evalLimitC
INFO:root:evalLimitC
INFO:root:evalLimitC
INFO:root:Tue, 03 May 2016 21:45:07  START
INFO:root:evalLimitC
INFO:root:evalLimitC
INFO:root:evalLimitC
INFO:root:evalLimitC
INFO:root:evalLimitC
INFO:root:evalLimitC
INFO:root:evalLimitC
INFO:root:evalLimitC
INFO:root:evalLimitC
INFO:root:evalLimitC
INFO:root:evalLimitC
INFO:root:evalLimitC
INFO:root:evalLimitC
INFO:root:evalLimitC
INFO:root:evalLimitC
INFO:root:evalLimitC
INFO:root:evalLimitC
INFO:root:evalLimitC
INFO:root:evalLimitC
INFO:root:evalLimitC
INFO:root:Tue, 03 May 2016 22:18:23  START
INFO:root:evalLimitC
INFO:root:Tue, 03 May 2016 22:18:43  START
INFO:root:evalLimitC
INFO:root:evalLimitC
INFO:root:Tue, 03 May 2016 22:18:56  START
INFO:root:evalLimitC
INFO:root:Tue, 03 May 2016 22:19:21  START
INFO:root:Tue, 03 May 2016 22:19:26  START
INFO:root:evalLimitC
INFO:root:Tue, 03 May 2016 22:20:09  START
INFO:root:Tue, 03 May 2016 23:24:50  START
INFO:root:evalLimitC
INFO:root:Tue, 03 May 2016 23:24:57  START
INFO:root:evalLimitC
INFO:root:Tue, 03 May 2016 23:39:52  START
INFO:root:evalLimitC
INFO:root:Tue, 03 May 2016 23:41:03  START
INFO:root:evalLimitC
INFO:root:evalLimitC
INFO:root:evalLimitC
INFO:root:evalLimitC
INFO:root:evalLimitC
INFO:root:evalLimitC
INFO:root:evalLimitC
INFO:root:evalLimitC
INFO:root:Tue, 03 May 2016 23:47:24  START
INFO:root:evalLimit
INFO:root:evalLimit
INFO:root:evalLimit
INFO:root:evalLimit
INFO:root:evalLimit
INFO:root:evalLimit
INFO:root:evalLimit
INFO:root:evalLimit
INFO:root:evalLimit
INFO:root:evalLimit
INFO:root:evalLimit
INFO:root:evalLimit
INFO:root:evalLimit
INFO:root:evalLimit
INFO:root:evalLimit
INFO:root:evalLimit
INFO:root:evalLimit
INFO:root:Tue, 03 May 2016 23:49:42  START
INFO:root:evalLimit
INFO:root:evalLimit
INFO:root:evalLimit
INFO:root:evalLimit
INFO:root:evalLimit
INFO:root:evalLimit
INFO:root:evalLimit
INFO:root:evalLimit
INFO:root:evalLimit
INFO:root:evalLimit
INFO:root:evalLimit
INFO:root:evalLimit
INFO:root:evalLimit
INFO:root:evalLimit
INFO:root:evalLimit
INFO:root:evalLimit
INFO:root:evalLimit
INFO:root:evalLimit
INFO:root:evalLimit
INFO:root:evalLimit
INFO:root:Tue, 03 May 2016 23:54:32  START
INFO:root:Tue, 03 May 2016 23:56:27  START
INFO:root:Tue, 03 May 2016 23:57:01  START
INFO:root:Tue, 03 May 2016 23:58:46  START
INFO:root:Wed, 04 May 2016 00:05:30  START
INFO:root:evalLimit
INFO:root:evalLimit
INFO:root:evalLimit
INFO:root:evalLimit
INFO:root:evalLimit
INFO:root:evalLimit
INFO:root:evalLimit
INFO:root:evalLimit
INFO:root:evalLimit
INFO:root:evalLimit
INFO:root:evalLimit
INFO:root:evalLimit
INFO:root:evalLimit
INFO:root:evalLimit
INFO:root:evalLimit
INFO:root:evalLimit
INFO:root:evalLimit
INFO:root:evalLimit
INFO:root:evalLimit
INFO:root:evalLimit
INFO:root:Wed, 04 May 2016 00:08:23  START
INFO:root:Wed, 04 May 2016 00:08:24  START
INFO:root:evalLimitM
INFO:root:evalLimitM
INFO:root:evalLimitM
INFO:root:evalLimitM
INFO:root:evalLimitM
INFO:root:evalLimitM
INFO:root:evalLimitM
INFO:root:evalLimitM
INFO:root:evalLimitM
INFO:root:evalLimitM
INFO:root:evalLimitM
INFO:root:evalLimitM
INFO:root:evalLimitM
INFO:root:Wed, 04 May 2016 00:09:02  START
INFO:root:evalLimitM
INFO:root:evalLimitM
INFO:root:evalLimitM
INFO:root:evalLimitM
INFO:root:evalLimitM
INFO:root:evalLimitM
INFO:root:evalLimitM
INFO:root:evalLimitM
INFO:root:evalLimitM
INFO:root:evalLimitM
INFO:root:evalLimitM
INFO:root:evalLimitM
INFO:root:evalLimitM
INFO:root:evalLimitM
INFO:root:evalLimitM
INFO:root:evalLimitM
INFO:root:evalLimitM
INFO:root:evalLimitM
INFO:root:evalLimitM
INFO:root:evalLimitM
INFO:root:evalLimitM
INFO:root:evalLimitM
INFO:root:evalLimitM
INFO:root:evalLimitM
INFO:root:evalLimitM
INFO:root:Wed, 04 May 2016 00:10:41  START
INFO:root:Wed, 04 May 2016 00:11:39  START
INFO:root:evalLimitM
INFO:root:evalLimitM
INFO:root:evalLimitM
INFO:root:evalLimitM
INFO:root:evalLimitM
INFO:root:evalLimitM
INFO:root:evalLimitM
INFO:root:evalLimitM
INFO:root:evalLimitM
INFO:root:evalLimitM
INFO:root:evalLimitM
INFO:root:evalLimitM
INFO:root:evalLimitM
INFO:root:evalLimitM
INFO:root:evalLimitM
INFO:root:evalLimitM
INFO:root:evalLimitM
INFO:root:evalLimitM
INFO:root:evalLimitM
INFO:root:evalLimitM
INFO:root:Wed, 04 May 2016 00:15:21  START
INFO:root:Wed, 04 May 2016 00:16:09  START
INFO:root:Wed, 04 May 2016 00:16:11  START
INFO:root:evalLimitM
INFO:root:evalLimitM
INFO:root:evalLimitM
INFO:root:evalLimitM
INFO:root:evalLimitM
INFO:root:evalLimitM
INFO:root:evalLimitM
INFO:root:evalLimitM
INFO:root:evalLimitM
INFO:root:evalLimitM
INFO:root:evalLimitM
INFO:root:evalLimitM
INFO:root:evalLimitM
INFO:root:evalLimitM
INFO:root:evalLimitM
INFO:root:evalLimitM
INFO:root:evalLimitM
INFO:root:evalLimitM
INFO:root:evalLimitM
INFO:root:evalLimitM
INFO:root:evalLimitM
INFO:root:evalLimitM
INFO:root:evalLimitM
INFO:root:evalLimitM
INFO:root:evalLimitM
INFO:root:evalLimitM
INFO:root:evalLimitM
INFO:root:evalLimitM
INFO:root:evalLimitM
INFO:root:evalLimitM
INFO:root:evalLimitM
INFO:root:evalLimitM
INFO:root:evalLimitM
INFO:root:evalLimitM
INFO:root:evalLimitM
INFO:root:evalLimitM
INFO:root:evalLimitM
INFO:root:evalLimitM
INFO:root:evalLimitM
INFO:root:evalLimitM
INFO:root:Wed, 04 May 2016 00:20:47  START
INFO:root:Wed, 04 May 2016 00:28:47  START
INFO:root:evalLimit
INFO:root:evalLimit
INFO:root:evalLimit
INFO:root:evalLimit
INFO:root:evalLimit
INFO:root:Wed, 04 May 2016 00:29:25  START
INFO:root:evalLimit
INFO:root:Wed, 04 May 2016 01:12:57  START
INFO:root:Wed, 04 May 2016 01:14:23  START
INFO:root:Wed, 04 May 2016 01:38:40  START
INFO:root:Wed, 04 May 2016 01:38:53  START
INFO:root:evalLimitN
INFO:root:Wed, 04 May 2016 01:40:46  START
INFO:root:evalLimitN
INFO:root:Wed, 04 May 2016 01:42:37  START
INFO:root:evalLimitN
INFO:root:evalLimitN
INFO:root:evalLimitN
INFO:root:evalLimitN
INFO:root:evalLimitN
INFO:root:evalLimitN
INFO:root:evalLimitN
INFO:root:evalLimitN
INFO:root:evalLimitN
INFO:root:evalLimitN
INFO:root:Wed, 04 May 2016 01:44:26  START
INFO:root:evalLimitN
INFO:root:evalLimitN
INFO:root:evalLimitN
INFO:root:evalLimitN
INFO:root:evalLimitN
INFO:root:evalLimitN
INFO:root:evalLimitN
INFO:root:evalLimitN
INFO:root:evalLimitN
INFO:root:evalLimitN
INFO:root:Wed, 04 May 2016 01:46:35  START
INFO:root:evalLimitN
INFO:root:evalLimitN
INFO:root:evalLimitN
INFO:root:evalLimitN
INFO:root:evalLimitN
INFO:root:evalLimitN
INFO:root:evalLimitN
INFO:root:evalLimitN
INFO:root:evalLimitN
INFO:root:evalLimitN
INFO:root:Wed, 04 May 2016 01:47:53  START
INFO:root:evalLimitN
INFO:root:evalLimitN
INFO:root:evalLimitN
INFO:root:evalLimitN
INFO:root:evalLimitN
INFO:root:evalLimitN
INFO:root:evalLimitN
INFO:root:evalLimitN
INFO:root:evalLimitN
INFO:root:evalLimitN
INFO:root:Wed, 04 May 2016 01:53:14  START
INFO:root:evalLimitN
INFO:root:evalLimitN
INFO:root:evalLimitN
INFO:root:evalLimitN
INFO:root:evalLimitN
INFO:root:evalLimitN
INFO:root:evalLimitN
INFO:root:Wed, 04 May 2016 01:53:56  START
INFO:root:evalLimitN
INFO:root:evalLimitN
INFO:root:Wed, 04 May 2016 01:54:52  START
INFO:root:evalLimitN
INFO:root:evalLimitN
INFO:root:evalLimitN
INFO:root:evalLimitN
INFO:root:evalLimitN
INFO:root:evalLimitN
INFO:root:evalLimitN
INFO:root:evalLimitN
INFO:root:evalLimitN
INFO:root:evalLimitN
INFO:root:Wed, 04 May 2016 01:56:36  START
INFO:root:evalLimitN
INFO:root:evalLimitN
INFO:root:evalLimitN
INFO:root:evalLimitN
INFO:root:evalLimitN
INFO:root:evalLimitN
INFO:root:evalLimitN
INFO:root:evalLimitN
INFO:root:evalLimitN
INFO:root:evalLimitN
INFO:root:Wed, 04 May 2016 01:56:59  START
INFO:root:evalLimitN
INFO:root:evalLimitN
INFO:root:evalLimitN
INFO:root:evalLimitN
INFO:root:evalLimitN
INFO:root:evalLimitN
INFO:root:evalLimitN
INFO:root:evalLimitN
INFO:root:evalLimitN
INFO:root:evalLimitN
INFO:root:Wed, 04 May 2016 01:57:22  START
INFO:root:evalLimitN
INFO:root:evalLimitN
INFO:root:evalLimitN
INFO:root:evalLimitN
INFO:root:evalLimitN
INFO:root:evalLimitN
INFO:root:evalLimitN
INFO:root:evalLimitN
INFO:root:evalLimitN
INFO:root:evalLimitN
INFO:root:Wed, 04 May 2016 01:58:39  START
INFO:root:evalLimitN
INFO:root:evalLimitN
INFO:root:evalLimitN
INFO:root:evalLimitN
INFO:root:evalLimitN
INFO:root:evalLimitN
INFO:root:evalLimitN
INFO:root:evalLimitN
INFO:root:evalLimitN
INFO:root:evalLimitN
INFO:root:Wed, 04 May 2016 02:00:06  START
INFO:root:evalLimitN
INFO:root:evalLimitN
INFO:root:evalLimitN
INFO:root:evalLimitN
INFO:root:evalLimitN
INFO:root:evalLimitN
INFO:root:evalLimitN
INFO:root:evalLimitN
INFO:root:evalLimitN
INFO:root:evalLimitN
INFO:root:Wed, 04 May 2016 02:01:20  START
INFO:root:evalLimitN
INFO:root:evalLimitN
INFO:root:evalLimitN
INFO:root:evalLimitN
INFO:root:evalLimitN
INFO:root:evalLimitN
INFO:root:evalLimitN
INFO:root:evalLimitN
INFO:root:evalLimitN
INFO:root:evalLimitN
INFO:root:Wed, 04 May 2016 02:01:34  START
INFO:root:evalLimitN
INFO:root:evalLimitN
INFO:root:evalLimitN
INFO:root:evalLimitN
INFO:root:evalLimitN
INFO:root:evalLimitN
INFO:root:evalLimitN
INFO:root:evalLimitN
INFO:root:evalLimitN
INFO:root:evalLimitN
INFO:root:Wed, 04 May 2016 02:01:55  START
INFO:root:evalLimitN
INFO:root:evalLimitN
INFO:root:evalLimitN
INFO:root:evalLimitN
INFO:root:evalLimitN
INFO:root:evalLimitN
INFO:root:evalLimitN
INFO:root:evalLimitN
INFO:root:evalLimitN
INFO:root:evalLimitN
INFO:root:Wed, 04 May 2016 02:05:23  START
INFO:root:evalLimitN
INFO:root:evalLimitN
INFO:root:evalLimitN
INFO:root:evalLimitN
INFO:root:evalLimitN
INFO:root:evalLimitN
INFO:root:evalLimitN
INFO:root:evalLimitN
INFO:root:evalLimitN
INFO:root:evalLimitN
INFO:root:Wed, 04 May 2016 02:05:53  START
INFO:root:evalLimitN
INFO:root:evalLimitN
INFO:root:evalLimitN
INFO:root:evalLimitN
INFO:root:evalLimitN
INFO:root:evalLimitN
INFO:root:evalLimitN
INFO:root:evalLimitN
INFO:root:evalLimitN
INFO:root:evalLimitN
INFO:root:Wed, 04 May 2016 02:06:42  START
INFO:root:evalLimitN
INFO:root:evalLimitN
INFO:root:evalLimitN
INFO:root:evalLimitN
INFO:root:evalLimitN
INFO:root:evalLimitN
INFO:root:evalLimitN
INFO:root:evalLimitN
INFO:root:evalLimitN
INFO:root:evalLimitN
INFO:root:Wed, 04 May 2016 02:07:18  START
INFO:root:evalLimitN
INFO:root:evalLimitN
INFO:root:evalLimitN
INFO:root:evalLimitN
INFO:root:evalLimitN
INFO:root:evalLimitN
INFO:root:evalLimitN
INFO:root:evalLimitN
INFO:root:evalLimitN
INFO:root:evalLimitN
INFO:root:Wed, 04 May 2016 02:11:16  START
INFO:root:evalLimitN
INFO:root:evalLimitN
INFO:root:evalLimitN
INFO:root:evalLimitN
INFO:root:evalLimitN
INFO:root:evalLimitN
INFO:root:evalLimitN
INFO:root:evalLimitN
INFO:root:evalLimitN
INFO:root:evalLimitN
INFO:root:evalLimitN
INFO:root:evalLimitN
INFO:root:evalLimitN
INFO:root:evalLimitN
INFO:root:evalLimitN
INFO:root:evalLimitN
INFO:root:evalLimitN
INFO:root:evalLimitN
INFO:root:evalLimitN
INFO:root:evalLimitN
INFO:root:Wed, 04 May 2016 11:35:50  START
INFO:root:evalLimitN
INFO:root:Wed, 04 May 2016 11:36:04  START
INFO:root:evalLimitN
INFO:root:evalLimitN
INFO:root:Wed, 04 May 2016 11:37:24  START
INFO:root:Wed, 04 May 2016 11:37:38  START
INFO:root:evalLimitN
INFO:root:Wed, 04 May 2016 11:37:51  START
INFO:root:evalLimitN
INFO:root:evalLimitN
INFO:root:Wed, 04 May 2016 11:39:47  START
INFO:root:evalLimitN
INFO:root:evalLimitN
INFO:root:evalLimitN
INFO:root:Wed, 04 May 2016 11:40:15  START
INFO:root:Wed, 04 May 2016 11:40:32  START
INFO:root:evalLimitN
INFO:root:Wed, 04 May 2016 11:56:10  START
INFO:root:Wed, 04 May 2016 11:56:25  START
INFO:root:Wed, 04 May 2016 12:24:32  START
INFO:root:Wed, 04 May 2016 12:24:37  START
INFO:root:evalLimitN
INFO:root:Wed, 04 May 2016 12:29:29  START
INFO:root:evalLimitN
INFO:root:Wed, 04 May 2016 12:30:29  START
INFO:root:evalLimitN
INFO:root:Wed, 04 May 2016 12:30:46  START
INFO:root:evalLimitN
INFO:root:Wed, 04 May 2016 15:18:43  START
INFO:root:Wed, 04 May 2016 15:18:56  START
INFO:root:evalLimitM
INFO:root:evalLimitM
INFO:root:evalLimitM
INFO:root:evalLimitM
INFO:root:evalLimitM
INFO:root:evalLimitM
INFO:root:evalLimitM
INFO:root:evalLimitM
INFO:root:evalLimitM
INFO:root:evalLimitM
INFO:root:evalLimitM
INFO:root:evalLimitM
INFO:root:evalLimitM
INFO:root:evalLimitM
INFO:root:evalLimitM
INFO:root:evalLimitM
INFO:root:evalLimitM
INFO:root:evalLimitM
INFO:root:evalLimitM
INFO:root:evalLimitM
INFO:root:Wed, 04 May 2016 15:21:09  START
INFO:root:evalLimitM
INFO:root:evalLimitM
INFO:root:evalLimitM
INFO:root:evalLimitM
INFO:root:evalLimitM
INFO:root:evalLimitM
INFO:root:evalLimitM
INFO:root:evalLimitM
INFO:root:evalLimitM
INFO:root:evalLimitM
INFO:root:evalLimitM
INFO:root:evalLimitM
INFO:root:evalLimitM
INFO:root:evalLimitM
INFO:root:evalLimitM
INFO:root:evalLimitM
INFO:root:evalLimitM
INFO:root:evalLimitM
INFO:root:evalLimitM
INFO:root:evalLimitM
INFO:root:Wed, 04 May 2016 15:22:21  START
INFO:root:evalLimitM
INFO:root:evalLimitM
INFO:root:evalLimitM
INFO:root:evalLimitM
INFO:root:evalLimitM
INFO:root:evalLimitM
INFO:root:evalLimitM
INFO:root:evalLimitM
INFO:root:Wed, 04 May 2016 15:22:38  START
INFO:root:evalLimitM
INFO:root:evalLimitM
INFO:root:evalLimitM
INFO:root:evalLimitM
INFO:root:evalLimitM
INFO:root:evalLimitM
INFO:root:evalLimitM
INFO:root:evalLimitM
INFO:root:Wed, 04 May 2016 15:23:09  START
INFO:root:evalLimitM
INFO:root:evalLimitM
INFO:root:evalLimitM
INFO:root:evalLimitM
INFO:root:evalLimitM
INFO:root:evalLimitM
INFO:root:evalLimitM
INFO:root:evalLimitM
INFO:root:evalLimitM
INFO:root:evalLimitM
INFO:root:evalLimitM
INFO:root:evalLimitM
INFO:root:evalLimitM
INFO:root:evalLimitM
INFO:root:evalLimitM
INFO:root:evalLimitM
INFO:root:evalLimitM
INFO:root:evalLimitM
INFO:root:evalLimitM
INFO:root:evalLimitM
INFO:root:evalLimitM
INFO:root:evalLimitM
INFO:root:evalLimitM
INFO:root:Wed, 04 May 2016 15:24:43  START
INFO:root:Wed, 04 May 2016 19:01:24  START
INFO:root:Wed, 04 May 2016 19:01:29  START
INFO:root:Thu, 05 May 2016 01:32:17  START
INFO:root:Thu, 05 May 2016 01:32:39  START
