INFO:root:Thu, 05 May 2016 01:33:21  START
INFO:root:Thu, 05 May 2016 01:33:37  START
INFO:root:Thu, 05 May 2016 01:34:05  START
INFO:root:Thu, 05 May 2016 01:34:24  START
INFO:root:Thu, 05 May 2016 21:15:04  START
INFO:root:Thu, 05 May 2016 21:15:49  START
INFO:root:Thu, 05 May 2016 21:16:48  START
INFO:root:Thu, 05 May 2016 21:18:11  START
INFO:root:Thu, 05 May 2016 21:18:38  START
INFO:root:Thu, 05 May 2016 21:28:30  START
INFO:root:Thu, 05 May 2016 21:28:49  START
INFO:root:Thu, 05 May 2016 21:29:35  START
INFO:root:Thu, 05 May 2016 21:34:37  START
INFO:root:Thu, 05 May 2016 21:35:09  START
INFO:root:evalLimitN
INFO:root:Thu, 05 May 2016 21:35:49  START
INFO:root:evalLimitN
INFO:root:Thu, 05 May 2016 21:36:59  START
INFO:root:Thu, 05 May 2016 21:38:10  START
INFO:root:evalLimitN
INFO:root:Thu, 05 May 2016 21:40:21  START
INFO:root:evalLimitN
INFO:root:Thu, 05 May 2016 21:41:50  START
INFO:root:evalLimitN
INFO:root:Thu, 05 May 2016 21:42:15  START
INFO:root:Thu, 05 May 2016 21:42:25  START
INFO:root:evalLimitN
INFO:root:Thu, 05 May 2016 21:43:20  START
INFO:root:evalLimitN
INFO:root:Thu, 05 May 2016 21:55:21  START
INFO:root:evalLimitN
INFO:root:Thu, 05 May 2016 21:56:09  START
INFO:root:evalLimitN
INFO:root:Thu, 05 May 2016 21:56:19  START
INFO:root:evalLimitN
INFO:root:Thu, 05 May 2016 21:56:25  START
INFO:root:evalLimitN
INFO:root:Thu, 05 May 2016 21:56:30  START
INFO:root:Thu, 05 May 2016 21:56:52  START
INFO:root:evalLimitN
INFO:root:Thu, 05 May 2016 21:57:39  START
INFO:root:evalLimitN
INFO:root:Thu, 05 May 2016 21:59:41  START
INFO:root:evalLimitN
INFO:root:Thu, 05 May 2016 22:00:07  START
INFO:root:evalLimitN
INFO:root:Thu, 05 May 2016 22:00:26  START
INFO:root:evalLimitN
INFO:root:Thu, 05 May 2016 22:01:43  START
INFO:root:Thu, 05 May 2016 22:02:27  START
INFO:root:evalLimitN
INFO:root:Thu, 05 May 2016 23:10:20  START
INFO:root:evalLimitN
INFO:root:Thu, 05 May 2016 23:43:38  START
INFO:root:evalLimit
INFO:root:evalLimit
INFO:root:evalLimit
INFO:root:evalLimit
INFO:root:evalLimit
INFO:root:evalLimit
INFO:root:evalLimit
INFO:root:evalLimit
INFO:root:evalLimit
INFO:root:evalLimit
INFO:root:evalLimit
INFO:root:evalLimit
INFO:root:evalLimit
INFO:root:evalLimit
INFO:root:evalLimit
INFO:root:evalLimit
INFO:root:evalLimit
INFO:root:evalLimit
INFO:root:evalLimit
INFO:root:evalLimit
INFO:root:Thu, 05 May 2016 23:48:41  START
INFO:root:evalLimit
INFO:root:Fri, 06 May 2016 00:37:23  START
INFO:root:evalLimit
INFO:root:Fri, 06 May 2016 00:41:35  START
INFO:root:evalLimit
INFO:root:Fri, 06 May 2016 01:04:06  START
INFO:root:evalLimit
INFO:root:evalLimit
INFO:root:Fri, 06 May 2016 01:41:12  START
INFO:root:evalLimit
INFO:root:evalLimit
INFO:root:evalLimit
INFO:root:evalLimit
INFO:root:evalLimit
INFO:root:evalLimit
INFO:root:evalLimit
INFO:root:evalLimit
INFO:root:evalLimit
INFO:root:evalLimit
INFO:root:evalLimit
INFO:root:evalLimit
INFO:root:evalLimit
INFO:root:evalLimit
INFO:root:evalLimit
INFO:root:evalLimit
INFO:root:evalLimit
INFO:root:evalLimit
INFO:root:evalLimit
INFO:root:evalLimit
INFO:root:Fri, 06 May 2016 01:43:07  START
INFO:root:evalLimit
INFO:root:evalLimit
INFO:root:evalLimit
INFO:root:evalLimit
INFO:root:evalLimit
INFO:root:evalLimit
INFO:root:evalLimit
INFO:root:evalLimit
INFO:root:evalLimit
INFO:root:evalLimit
INFO:root:evalLimit
INFO:root:evalLimit
INFO:root:evalLimit
INFO:root:evalLimit
INFO:root:evalLimit
INFO:root:evalLimit
INFO:root:evalLimit
INFO:root:evalLimit
INFO:root:evalLimit
INFO:root:evalLimit
INFO:root:Fri, 06 May 2016 01:58:20  START
INFO:root:evalLimit
INFO:root:evalLimit
INFO:root:evalLimit
INFO:root:evalLimit
INFO:root:evalLimit
INFO:root:evalLimit
INFO:root:Fri, 06 May 2016 01:59:08  START
INFO:root:Fri, 06 May 2016 02:01:08  START
INFO:root:Fri, 06 May 2016 02:07:56  START
INFO:root:Fri, 06 May 2016 02:10:00  START
INFO:root:Fri, 06 May 2016 02:11:44  START
INFO:root:Fri, 06 May 2016 02:14:08  START
INFO:root:Fri, 06 May 2016 02:16:12  START
INFO:root:Fri, 06 May 2016 02:22:06  START
INFO:root:Fri, 06 May 2016 02:24:54  START
INFO:root:Fri, 06 May 2016 02:30:32  START
INFO:root:Fri, 06 May 2016 02:33:06  START
INFO:root:Fri, 06 May 2016 02:39:26  START
INFO:root:Fri, 06 May 2016 02:41:03  START
INFO:root:Fri, 06 May 2016 02:44:59  START
INFO:root:evalLimitN
INFO:root:Fri, 06 May 2016 02:46:02  START
INFO:root:Fri, 06 May 2016 02:46:50  START
INFO:root:evalLimitK
INFO:root:Fri, 06 May 2016 02:47:42  START
INFO:root:evalLimitK
INFO:root:Fri, 06 May 2016 02:48:10  START
INFO:root:evalLimitK
INFO:root:Fri, 06 May 2016 02:57:20  START
INFO:root:evalLimitK
INFO:root:Fri, 06 May 2016 03:04:36  START
INFO:root:evalLimitK
INFO:root:Fri, 06 May 2016 03:15:12  START
INFO:root:evalLimitK
INFO:root:Fri, 06 May 2016 03:18:28  START
INFO:root:Fri, 06 May 2016 03:21:57  START
INFO:root:Fri, 06 May 2016 03:23:47  START
INFO:root:evalLimitK
INFO:root:Fri, 06 May 2016 03:24:01  START
INFO:root:Fri, 06 May 2016 03:25:06  START
INFO:root:evalLimitK
INFO:root:Fri, 06 May 2016 03:40:08  START
INFO:root:evalLimitK
INFO:root:Fri, 06 May 2016 03:42:34  START
INFO:root:Fri, 06 May 2016 03:49:00  START
INFO:root:evalLimitK
INFO:root:Fri, 06 May 2016 03:50:56  START
INFO:root:evalLimitK
INFO:root:Fri, 06 May 2016 03:52:19  START
INFO:root:Fri, 06 May 2016 03:59:54  START
INFO:root:Fri, 06 May 2016 04:01:25  START
INFO:root:Fri, 06 May 2016 04:02:03  START
INFO:root:Fri, 06 May 2016 04:02:16  START
INFO:root:evalLimitK
INFO:root:evalLimitK
INFO:root:evalLimitK
INFO:root:evalLimitK
INFO:root:evalLimitK
INFO:root:evalLimitK
INFO:root:evalLimitK
INFO:root:evalLimitK
INFO:root:evalLimitK
INFO:root:evalLimitK
INFO:root:evalLimitK
INFO:root:evalLimitK
INFO:root:evalLimitK
INFO:root:evalLimitK
INFO:root:evalLimitK
INFO:root:evalLimitK
INFO:root:evalLimitK
INFO:root:evalLimitK
INFO:root:evalLimitK
INFO:root:evalLimitK
INFO:root:Fri, 06 May 2016 04:09:15  START
INFO:root:Fri, 06 May 2016 04:09:48  START
INFO:root:Fri, 06 May 2016 04:18:30  START
INFO:root:Fri, 06 May 2016 04:20:43  START
INFO:root:Fri, 06 May 2016 04:20:58  START
INFO:root:evalLimitK
INFO:root:evalLimitK
INFO:root:evalLimitK
INFO:root:evalLimitK
INFO:root:evalLimitK
INFO:root:evalLimitK
INFO:root:evalLimitK
INFO:root:evalLimitK
INFO:root:evalLimitK
INFO:root:evalLimitK
INFO:root:evalLimitK
INFO:root:evalLimitK
INFO:root:evalLimitK
INFO:root:evalLimitK
INFO:root:evalLimitK
INFO:root:evalLimitK
INFO:root:evalLimitK
INFO:root:evalLimitK
INFO:root:evalLimitK
INFO:root:evalLimitK
INFO:root:Fri, 06 May 2016 04:26:23  START
INFO:root:evalLimitK
INFO:root:evalLimitK
INFO:root:evalLimitK
INFO:root:evalLimitK
INFO:root:evalLimitK
INFO:root:evalLimitK
INFO:root:evalLimitK
INFO:root:evalLimitK
INFO:root:Fri, 06 May 2016 04:27:06  START
INFO:root:evalLimitK
INFO:root:evalLimitK
INFO:root:evalLimitK
INFO:root:evalLimitK
INFO:root:evalLimitK
INFO:root:evalLimitK
INFO:root:evalLimitK
INFO:root:evalLimitK
INFO:root:evalLimitK
INFO:root:evalLimitK
INFO:root:evalLimitK
INFO:root:evalLimitK
INFO:root:evalLimitK
INFO:root:evalLimitK
INFO:root:Fri, 06 May 2016 04:41:01  START
INFO:root:evalLimitK
INFO:root:Fri, 06 May 2016 04:42:23  START
INFO:root:evalLimitK
INFO:root:evalLimitK
INFO:root:evalLimitK
INFO:root:evalLimitK
INFO:root:evalLimitK
INFO:root:evalLimitK
INFO:root:evalLimitK
INFO:root:evalLimitK
INFO:root:evalLimitK
INFO:root:evalLimitK
INFO:root:evalLimitK
INFO:root:evalLimitK
INFO:root:evalLimitK
INFO:root:evalLimitK
INFO:root:evalLimitK
INFO:root:evalLimitK
INFO:root:evalLimitK
INFO:root:evalLimitK
INFO:root:evalLimitK
INFO:root:evalLimitK
INFO:root:Fri, 06 May 2016 05:17:50  START
INFO:root:Fri, 06 May 2016 05:18:39  START
INFO:root:Fri, 06 May 2016 05:28:58  START
INFO:root:evalLimitK
INFO:root:evalLimitK
INFO:root:evalLimitK
INFO:root:evalLimitK
INFO:root:evalLimitK
INFO:root:evalLimitK
INFO:root:Fri, 06 May 2016 05:33:49  START
INFO:root:evalLimitKC
INFO:root:evalLimitKC
INFO:root:evalLimitKC
INFO:root:evalLimitKC
INFO:root:evalLimitKC
INFO:root:evalLimitKC
INFO:root:evalLimitKC
INFO:root:evalLimitKC
INFO:root:evalLimitKC
INFO:root:evalLimitKC
INFO:root:evalLimitKC
INFO:root:evalLimitKC
INFO:root:evalLimitKC
INFO:root:evalLimitKC
INFO:root:evalLimitKC
INFO:root:evalLimitKC
INFO:root:Fri, 06 May 2016 05:35:17  START
INFO:root:Fri, 06 May 2016 05:35:46  START
INFO:root:Fri, 06 May 2016 05:37:06  START
INFO:root:evalLimitKC
INFO:root:evalLimitKC
INFO:root:evalLimitKC
INFO:root:evalLimitKC
INFO:root:evalLimitKC
INFO:root:evalLimitKC
INFO:root:evalLimitKC
INFO:root:evalLimitKC
INFO:root:evalLimitKC
INFO:root:evalLimitKC
INFO:root:evalLimitKC
INFO:root:evalLimitKC
INFO:root:evalLimitKC
INFO:root:evalLimitKC
INFO:root:evalLimitKC
INFO:root:evalLimitKC
INFO:root:evalLimitKC
INFO:root:evalLimitKC
INFO:root:evalLimitKC
INFO:root:evalLimitKC
INFO:root:Fri, 06 May 2016 05:38:26  START
INFO:root:evalLimitKC
INFO:root:evalLimitKC
INFO:root:evalLimitKC
INFO:root:evalLimitKC
INFO:root:evalLimitKC
INFO:root:evalLimitKC
INFO:root:evalLimitKC
INFO:root:evalLimitKC
INFO:root:evalLimitKC
INFO:root:evalLimitKC
INFO:root:evalLimitKC
INFO:root:evalLimitKC
INFO:root:evalLimitKC
INFO:root:evalLimitKC
INFO:root:evalLimitKC
INFO:root:evalLimitKC
INFO:root:evalLimitKC
INFO:root:evalLimitKC
INFO:root:evalLimitKC
INFO:root:evalLimitKC
INFO:root:Fri, 06 May 2016 05:45:00  START
INFO:root:evalLimitKM
INFO:root:evalLimitKM
INFO:root:evalLimitKM
INFO:root:evalLimitKM
INFO:root:evalLimitKM
INFO:root:evalLimitKM
INFO:root:evalLimitKM
INFO:root:evalLimitKM
INFO:root:evalLimitKM
INFO:root:evalLimitKM
INFO:root:evalLimitKM
INFO:root:evalLimitKM
INFO:root:evalLimitKM
INFO:root:evalLimitKM
INFO:root:evalLimitKM
INFO:root:evalLimitKM
INFO:root:evalLimitKM
INFO:root:evalLimitKM
INFO:root:evalLimitKM
INFO:root:evalLimitKM
INFO:root:Fri, 06 May 2016 12:03:37  START
INFO:root:Fri, 06 May 2016 12:03:44  START
INFO:root:Fri, 06 May 2016 12:04:38  START
INFO:root:Fri, 06 May 2016 12:04:53  START
INFO:root:Mon, 09 May 2016 13:42:57  START
INFO:root:Mon, 09 May 2016 13:44:59  START
INFO:root:Mon, 09 May 2016 13:45:54  START
INFO:root:Tue, 10 May 2016 01:30:42  START
INFO:root:Wed, 11 May 2016 14:26:14  START
INFO:root:Wed, 11 May 2016 14:37:57  START
INFO:root:Wed, 11 May 2016 14:38:04  START
INFO:root:evalLimitKC
INFO:root:evalLimitKC
INFO:root:evalLimitKC
INFO:root:evalLimitKC
INFO:root:evalLimitKC
INFO:root:evalLimitKC
INFO:root:evalLimitKC
INFO:root:evalLimitKC
INFO:root:evalLimitKC
INFO:root:evalLimitKC
INFO:root:evalLimitKC
INFO:root:evalLimitKC
INFO:root:evalLimitKC
INFO:root:evalLimitKC
INFO:root:evalLimitKC
INFO:root:evalLimitKC
INFO:root:evalLimitKC
INFO:root:evalLimitKC
INFO:root:evalLimitKC
INFO:root:evalLimitKC
INFO:root:Wed, 11 May 2016 14:49:30  START
INFO:root:evalLimitKC
INFO:root:evalLimitKC
INFO:root:evalLimitKC
INFO:root:evalLimitKC
INFO:root:evalLimitKC
INFO:root:evalLimitKC
INFO:root:evalLimitKC
INFO:root:evalLimitKC
INFO:root:evalLimitKC
INFO:root:Wed, 11 May 2016 14:49:57  START
INFO:root:evalLimitKC
INFO:root:evalLimitKC
INFO:root:evalLimitKC
INFO:root:evalLimitKC
INFO:root:evalLimitKC
INFO:root:evalLimitKC
INFO:root:evalLimitKC
INFO:root:evalLimitKC
INFO:root:evalLimitKC
INFO:root:Wed, 11 May 2016 14:50:23  START
INFO:root:evalLimitKC
INFO:root:evalLimitKC
INFO:root:evalLimitKC
INFO:root:evalLimitKC
INFO:root:evalLimitKC
INFO:root:evalLimitKC
INFO:root:evalLimitKC
INFO:root:evalLimitKC
INFO:root:evalLimitKC
INFO:root:evalLimitKC
INFO:root:evalLimitKC
INFO:root:evalLimitKC
INFO:root:evalLimitKC
INFO:root:evalLimitKC
INFO:root:evalLimitKC
INFO:root:evalLimitKC
INFO:root:evalLimitKC
INFO:root:evalLimitKC
INFO:root:evalLimitKC
INFO:root:evalLimitKC
INFO:root:Wed, 11 May 2016 14:54:59  START
INFO:root:evalLimitK
INFO:root:evalLimitK
INFO:root:evalLimitK
INFO:root:evalLimitK
INFO:root:evalLimitK
INFO:root:evalLimitK
INFO:root:evalLimitK
INFO:root:evalLimitK
INFO:root:evalLimitK
INFO:root:evalLimitK
INFO:root:evalLimitK
INFO:root:evalLimitK
INFO:root:evalLimitK
INFO:root:evalLimitK
INFO:root:evalLimitK
INFO:root:evalLimitK
INFO:root:evalLimitK
INFO:root:evalLimitK
INFO:root:evalLimitK
INFO:root:evalLimitK
INFO:root:Wed, 11 May 2016 15:08:59  START
INFO:root:evalLimitKC
INFO:root:evalLimitKC
INFO:root:evalLimitKC
INFO:root:evalLimitKC
INFO:root:evalLimitKC
INFO:root:evalLimitKC
INFO:root:evalLimitKC
INFO:root:evalLimitKC
INFO:root:evalLimitKC
INFO:root:evalLimitKC
INFO:root:evalLimitKC
INFO:root:evalLimitKC
INFO:root:evalLimitKC
INFO:root:Wed, 11 May 2016 15:09:23  START
INFO:root:evalLimitK
INFO:root:evalLimitK
INFO:root:evalLimitK
INFO:root:evalLimitK
INFO:root:evalLimitK
INFO:root:evalLimitK
INFO:root:evalLimitK
INFO:root:evalLimitK
INFO:root:evalLimitK
INFO:root:evalLimitK
INFO:root:evalLimitK
INFO:root:evalLimitK
INFO:root:evalLimitK
INFO:root:evalLimitK
INFO:root:evalLimitK
INFO:root:evalLimitK
INFO:root:evalLimitK
INFO:root:evalLimitK
INFO:root:evalLimitK
INFO:root:evalLimitK
INFO:root:Wed, 11 May 2016 15:10:19  START
INFO:root:evalLimitK
INFO:root:evalLimitK
INFO:root:evalLimitK
INFO:root:evalLimitK
INFO:root:evalLimitK
INFO:root:evalLimitK
INFO:root:evalLimitK
INFO:root:evalLimitK
INFO:root:evalLimitK
INFO:root:evalLimitK
INFO:root:evalLimitK
INFO:root:evalLimitK
INFO:root:evalLimitK
INFO:root:evalLimitK
INFO:root:evalLimitK
INFO:root:evalLimitK
INFO:root:evalLimitK
INFO:root:evalLimitK
INFO:root:evalLimitK
INFO:root:evalLimitK
INFO:root:Wed, 11 May 2016 15:21:12  START
INFO:root:evalLimitK
INFO:root:evalLimitK
INFO:root:evalLimitK
INFO:root:evalLimitK
INFO:root:evalLimitK
INFO:root:evalLimitK
INFO:root:evalLimitK
INFO:root:evalLimitK
INFO:root:evalLimitK
INFO:root:evalLimitK
INFO:root:evalLimitK
INFO:root:evalLimitK
INFO:root:evalLimitK
INFO:root:evalLimitK
INFO:root:evalLimitK
INFO:root:evalLimitK
INFO:root:evalLimitK
INFO:root:evalLimitK
INFO:root:evalLimitK
INFO:root:evalLimitK
INFO:root:Wed, 11 May 2016 15:32:13  START
INFO:root:evalLimitK
INFO:root:evalLimitK
INFO:root:evalLimitK
INFO:root:evalLimitK
INFO:root:evalLimitK
INFO:root:evalLimitK
INFO:root:evalLimitK
INFO:root:evalLimitK
INFO:root:evalLimitK
INFO:root:evalLimitK
INFO:root:evalLimitK
INFO:root:evalLimitK
INFO:root:evalLimitK
INFO:root:evalLimitK
INFO:root:evalLimitK
INFO:root:evalLimitK
INFO:root:evalLimitK
INFO:root:evalLimitK
INFO:root:evalLimitK
INFO:root:evalLimitK
INFO:root:Wed, 11 May 2016 15:35:17  START
INFO:root:evalLimitK
INFO:root:evalLimitK
INFO:root:evalLimitK
INFO:root:evalLimitK
INFO:root:evalLimitK
INFO:root:evalLimitK
INFO:root:evalLimitK
INFO:root:evalLimitK
INFO:root:evalLimitK
INFO:root:evalLimitK
INFO:root:evalLimitK
INFO:root:evalLimitK
INFO:root:evalLimitK
INFO:root:evalLimitK
INFO:root:evalLimitK
INFO:root:evalLimitK
INFO:root:evalLimitK
INFO:root:evalLimitK
INFO:root:evalLimitK
INFO:root:evalLimitK
INFO:root:Wed, 11 May 2016 15:38:40  START
INFO:root:Wed, 11 May 2016 15:38:55  START
INFO:root:evalLimitK
INFO:root:evalLimitK
INFO:root:evalLimitK
INFO:root:evalLimitK
INFO:root:evalLimitK
INFO:root:evalLimitK
INFO:root:evalLimitK
INFO:root:evalLimitK
INFO:root:evalLimitK
INFO:root:evalLimitK
INFO:root:evalLimitK
INFO:root:evalLimitK
INFO:root:evalLimitK
INFO:root:evalLimitK
INFO:root:evalLimitK
INFO:root:evalLimitK
INFO:root:evalLimitK
INFO:root:evalLimitK
INFO:root:evalLimitK
INFO:root:evalLimitK
INFO:root:Wed, 11 May 2016 15:40:45  START
INFO:root:evalLimitK
INFO:root:evalLimitK
INFO:root:evalLimitK
INFO:root:evalLimitK
INFO:root:evalLimitK
INFO:root:evalLimitK
INFO:root:evalLimitK
INFO:root:evalLimitK
INFO:root:evalLimitK
INFO:root:evalLimitK
INFO:root:evalLimitK
INFO:root:evalLimitK
INFO:root:evalLimitK
INFO:root:evalLimitK
INFO:root:evalLimitK
INFO:root:evalLimitK
INFO:root:evalLimitK
INFO:root:evalLimitK
INFO:root:evalLimitK
INFO:root:evalLimitK
INFO:root:Wed, 11 May 2016 15:43:00  START
INFO:root:evalLimitK
INFO:root:evalLimitK
INFO:root:evalLimitK
INFO:root:evalLimitK
INFO:root:evalLimitK
INFO:root:evalLimitK
INFO:root:evalLimitK
INFO:root:evalLimitK
INFO:root:evalLimitK
INFO:root:evalLimitK
INFO:root:evalLimitK
INFO:root:evalLimitK
INFO:root:evalLimitK
INFO:root:evalLimitK
INFO:root:evalLimitK
INFO:root:evalLimitK
INFO:root:evalLimitK
INFO:root:evalLimitK
INFO:root:evalLimitK
INFO:root:evalLimitK
INFO:root:Wed, 11 May 2016 15:43:52  START
INFO:root:evalLimitK
INFO:root:evalLimitK
INFO:root:evalLimitK
INFO:root:evalLimitK
INFO:root:evalLimitK
INFO:root:evalLimitK
INFO:root:evalLimitK
INFO:root:evalLimitK
INFO:root:evalLimitK
INFO:root:evalLimitK
INFO:root:evalLimitK
INFO:root:evalLimitK
INFO:root:evalLimitK
INFO:root:evalLimitK
INFO:root:evalLimitK
INFO:root:evalLimitK
INFO:root:evalLimitK
INFO:root:evalLimitK
INFO:root:evalLimitK
INFO:root:evalLimitK
INFO:root:Wed, 11 May 2016 15:46:19  START
INFO:root:evalLimitK
INFO:root:evalLimitK
INFO:root:evalLimitK
INFO:root:evalLimitK
INFO:root:evalLimitK
INFO:root:evalLimitK
INFO:root:evalLimitK
INFO:root:evalLimitK
INFO:root:evalLimitK
INFO:root:evalLimitK
INFO:root:evalLimitK
INFO:root:evalLimitK
INFO:root:evalLimitK
INFO:root:evalLimitK
INFO:root:evalLimitK
INFO:root:evalLimitK
INFO:root:evalLimitK
INFO:root:evalLimitK
INFO:root:evalLimitK
INFO:root:evalLimitK
INFO:root:Wed, 11 May 2016 15:50:59  START
INFO:root:evalLimitK
INFO:root:evalLimitK
INFO:root:evalLimitK
INFO:root:evalLimitK
INFO:root:evalLimitK
INFO:root:evalLimitK
INFO:root:evalLimitK
INFO:root:evalLimitK
INFO:root:evalLimitK
INFO:root:evalLimitK
INFO:root:evalLimitK
INFO:root:evalLimitK
INFO:root:evalLimitK
INFO:root:evalLimitK
INFO:root:evalLimitK
INFO:root:evalLimitK
INFO:root:evalLimitK
INFO:root:evalLimitK
INFO:root:evalLimitK
INFO:root:evalLimitK
INFO:root:Wed, 11 May 2016 15:51:59  START
INFO:root:evalLimitK
INFO:root:evalLimitK
INFO:root:evalLimitK
INFO:root:evalLimitK
INFO:root:evalLimitK
INFO:root:evalLimitK
INFO:root:evalLimitK
INFO:root:evalLimitK
INFO:root:evalLimitK
INFO:root:evalLimitK
INFO:root:evalLimitK
INFO:root:evalLimitK
INFO:root:evalLimitK
INFO:root:evalLimitK
INFO:root:evalLimitK
INFO:root:evalLimitK
INFO:root:evalLimitK
INFO:root:evalLimitK
INFO:root:evalLimitK
INFO:root:evalLimitK
INFO:root:Wed, 11 May 2016 15:52:36  START
INFO:root:evalLimitK
INFO:root:evalLimitK
INFO:root:evalLimitK
INFO:root:evalLimitK
INFO:root:evalLimitK
INFO:root:evalLimitK
INFO:root:evalLimitK
INFO:root:evalLimitK
INFO:root:evalLimitK
INFO:root:evalLimitK
INFO:root:evalLimitK
INFO:root:evalLimitK
INFO:root:evalLimitK
INFO:root:evalLimitK
INFO:root:evalLimitK
INFO:root:evalLimitK
INFO:root:evalLimitK
INFO:root:evalLimitK
INFO:root:evalLimitK
INFO:root:evalLimitK
INFO:root:Wed, 11 May 2016 15:53:09  START
INFO:root:evalLimitK
INFO:root:evalLimitK
INFO:root:evalLimitK
INFO:root:evalLimitK
INFO:root:evalLimitK
INFO:root:evalLimitK
INFO:root:evalLimitK
INFO:root:evalLimitK
INFO:root:evalLimitK
INFO:root:evalLimitK
INFO:root:evalLimitK
INFO:root:evalLimitK
INFO:root:evalLimitK
INFO:root:evalLimitK
INFO:root:evalLimitK
INFO:root:evalLimitK
INFO:root:evalLimitK
INFO:root:evalLimitK
INFO:root:Wed, 11 May 2016 15:54:03  START
INFO:root:evalLimitK
INFO:root:evalLimitK
INFO:root:evalLimitK
INFO:root:evalLimitK
INFO:root:evalLimitK
INFO:root:evalLimitK
INFO:root:evalLimitK
INFO:root:evalLimitK
INFO:root:evalLimitK
INFO:root:evalLimitK
INFO:root:evalLimitK
INFO:root:Wed, 11 May 2016 15:54:19  START
INFO:root:evalLimitK
INFO:root:evalLimitK
INFO:root:evalLimitK
INFO:root:evalLimitK
INFO:root:evalLimitK
INFO:root:evalLimitK
INFO:root:evalLimitK
INFO:root:evalLimitK
INFO:root:evalLimitK
INFO:root:evalLimitK
INFO:root:evalLimitK
INFO:root:evalLimitK
INFO:root:evalLimitK
INFO:root:evalLimitK
INFO:root:evalLimitK
INFO:root:evalLimitK
INFO:root:evalLimitK
INFO:root:evalLimitK
INFO:root:evalLimitK
INFO:root:evalLimitK
INFO:root:Wed, 11 May 2016 16:30:05  START
INFO:root:evalLimitK
INFO:root:evalLimitK
INFO:root:evalLimitK
INFO:root:evalLimitK
INFO:root:evalLimitK
INFO:root:evalLimitK
INFO:root:evalLimitK
INFO:root:evalLimitK
INFO:root:evalLimitK
INFO:root:evalLimitK
INFO:root:evalLimitK
INFO:root:evalLimitK
INFO:root:evalLimitK
INFO:root:evalLimitK
INFO:root:evalLimitK
INFO:root:evalLimitK
INFO:root:evalLimitK
INFO:root:evalLimitK
INFO:root:evalLimitK
INFO:root:evalLimitK
INFO:root:Wed, 11 May 2016 16:32:07  START
INFO:root:evalLimitK
INFO:root:evalLimitK
INFO:root:evalLimitK
INFO:root:evalLimitK
INFO:root:evalLimitK
INFO:root:evalLimitK
INFO:root:evalLimitK
INFO:root:evalLimitK
INFO:root:evalLimitK
INFO:root:evalLimitK
INFO:root:evalLimitK
INFO:root:evalLimitK
INFO:root:evalLimitK
INFO:root:evalLimitK
INFO:root:evalLimitK
INFO:root:evalLimitK
INFO:root:evalLimitK
INFO:root:evalLimitK
INFO:root:evalLimitK
INFO:root:evalLimitK
INFO:root:evalLimitK
INFO:root:evalLimitK
INFO:root:evalLimitK
INFO:root:Wed, 11 May 2016 16:37:42  START
INFO:root:evalLimitK
INFO:root:evalLimitK
INFO:root:evalLimitK
INFO:root:evalLimitK
INFO:root:evalLimitK
INFO:root:evalLimitK
INFO:root:evalLimitK
INFO:root:evalLimitK
INFO:root:evalLimitK
INFO:root:evalLimitK
INFO:root:evalLimitK
INFO:root:evalLimitK
INFO:root:evalLimitK
INFO:root:evalLimitK
INFO:root:evalLimitK
INFO:root:evalLimitK
INFO:root:Fri, 13 May 2016 11:35:18  START
INFO:root:Fri, 13 May 2016 11:35:34  START
INFO:root:Fri, 13 May 2016 11:35:59  START
INFO:root:Fri, 13 May 2016 11:39:26  START
INFO:root:Fri, 13 May 2016 11:40:13  START
INFO:root:Fri, 13 May 2016 11:41:07  START
INFO:root:evalLimitK
INFO:root:evalLimitK
INFO:root:evalLimitK
INFO:root:evalLimitK
INFO:root:evalLimitK
INFO:root:evalLimitK
INFO:root:evalLimitK
INFO:root:evalLimitK
INFO:root:evalLimitK
INFO:root:evalLimitK
INFO:root:evalLimitK
INFO:root:evalLimitK
INFO:root:evalLimitK
INFO:root:evalLimitK
INFO:root:evalLimitK
INFO:root:evalLimitK
INFO:root:evalLimitK
INFO:root:evalLimitK
INFO:root:evalLimitK
INFO:root:evalLimitK
INFO:root:evalLimitK
INFO:root:evalLimitK
INFO:root:evalLimitK
INFO:root:evalLimitK
INFO:root:evalLimitK
INFO:root:evalLimitK
INFO:root:Fri, 13 May 2016 11:45:38  START
INFO:root:evalLimitK
INFO:root:evalLimitK
INFO:root:evalLimitK
INFO:root:evalLimitK
INFO:root:evalLimitK
INFO:root:Fri, 13 May 2016 11:56:25  START
INFO:root:evalLimitK
INFO:root:evalLimitK
INFO:root:evalLimitK
INFO:root:evalLimitK
INFO:root:evalLimitK
INFO:root:Fri, 13 May 2016 12:20:44  START
INFO:root:Fri, 13 May 2016 12:21:25  START
INFO:root:Fri, 13 May 2016 12:21:44  START
INFO:root:Fri, 13 May 2016 12:23:08  START
INFO:root:evalLimitKM
INFO:root:evalLimitKM
INFO:root:evalLimitKM
INFO:root:evalLimitKM
INFO:root:evalLimitKM
INFO:root:evalLimitKM
INFO:root:evalLimitKM
INFO:root:evalLimitKM
INFO:root:evalLimitKM
INFO:root:evalLimitKM
INFO:root:evalLimitKM
INFO:root:evalLimitKM
INFO:root:evalLimitKM
INFO:root:evalLimitKM
INFO:root:evalLimitKM
INFO:root:evalLimitKM
INFO:root:evalLimitKM
INFO:root:evalLimitKM
INFO:root:evalLimitKM
INFO:root:evalLimitKM
INFO:root:Fri, 13 May 2016 17:21:02  START
INFO:root:evalLimitKM
INFO:root:evalLimitKM
INFO:root:evalLimitKM
INFO:root:evalLimitKM
INFO:root:evalLimitKM
INFO:root:evalLimitKM
INFO:root:evalLimitKM
INFO:root:evalLimitKM
INFO:root:evalLimitKM
INFO:root:evalLimitKM
INFO:root:evalLimitKM
INFO:root:evalLimitKM
INFO:root:evalLimitKM
INFO:root:evalLimitKM
INFO:root:evalLimitKM
INFO:root:evalLimitKM
INFO:root:evalLimitKM
INFO:root:evalLimitKM
INFO:root:evalLimitKM
INFO:root:evalLimitKM
INFO:root:Fri, 13 May 2016 17:44:37  START
INFO:root:Fri, 13 May 2016 17:46:06  START
INFO:root:Fri, 13 May 2016 17:52:03  START
INFO:root:Fri, 13 May 2016 17:54:19  START
INFO:root:Fri, 13 May 2016 17:55:22  START
INFO:root:Fri, 13 May 2016 18:00:36  START
INFO:root:Fri, 13 May 2016 18:01:04  START
INFO:root:Fri, 13 May 2016 18:02:48  START
INFO:root:Fri, 13 May 2016 18:03:20  START
INFO:root:evalLimit
INFO:root:Fri, 27 May 2016 16:49:53  START
INFO:root:Fri, 27 May 2016 16:52:14  START
INFO:root:Fri, 27 May 2016 16:57:49  START
INFO:root:Fri, 27 May 2016 17:00:50  START
INFO:root:Fri, 27 May 2016 17:03:51  START
INFO:root:Fri, 27 May 2016 17:04:37  START
INFO:root:Fri, 27 May 2016 17:05:13  START
INFO:root:Fri, 27 May 2016 17:09:29  START
INFO:root:Fri, 27 May 2016 17:16:50  START
INFO:root:Tue, 07 Jun 2016 10:58:41  START
INFO:root:evalLimit
INFO:root:evalLimit
INFO:root:evalLimit
INFO:root:evalLimit
INFO:root:evalLimit
INFO:root:evalLimit
INFO:root:evalLimit
INFO:root:evalLimit
INFO:root:evalLimit
INFO:root:evalLimit
INFO:root:Tue, 07 Jun 2016 10:59:07  START
INFO:root:evalLimitM
INFO:root:evalLimitM
INFO:root:evalLimitM
INFO:root:evalLimitM
INFO:root:evalLimitM
INFO:root:evalLimitM
INFO:root:evalLimitM
INFO:root:evalLimitM
INFO:root:evalLimitM
INFO:root:evalLimitM
INFO:root:evalLimitM
INFO:root:evalLimitM
INFO:root:evalLimitM
INFO:root:evalLimitM
INFO:root:evalLimitM
INFO:root:evalLimitM
INFO:root:evalLimitM
INFO:root:evalLimitM
INFO:root:evalLimitM
INFO:root:evalLimitM
INFO:root:Tue, 07 Jun 2016 11:00:58  START
INFO:root:evalLimit
INFO:root:evalLimit
INFO:root:evalLimit
INFO:root:evalLimit
INFO:root:evalLimit
INFO:root:evalLimit
INFO:root:evalLimit
INFO:root:evalLimit
INFO:root:evalLimit
INFO:root:evalLimit
INFO:root:evalLimit
INFO:root:evalLimit
INFO:root:evalLimit
INFO:root:evalLimit
INFO:root:evalLimit
INFO:root:evalLimit
INFO:root:evalLimit
INFO:root:evalLimit
INFO:root:evalLimit
INFO:root:evalLimit
INFO:root:Tue, 07 Jun 2016 11:06:53  START
INFO:root:evalLimit
INFO:root:evalLimit
INFO:root:evalLimit
INFO:root:evalLimit
INFO:root:evalLimit
INFO:root:evalLimit
INFO:root:evalLimit
INFO:root:evalLimit
INFO:root:evalLimit
INFO:root:evalLimit
INFO:root:evalLimit
INFO:root:evalLimit
INFO:root:evalLimit
INFO:root:evalLimit
INFO:root:evalLimit
INFO:root:evalLimit
INFO:root:evalLimit
INFO:root:evalLimit
INFO:root:evalLimit
INFO:root:evalLimit
INFO:root:Tue, 07 Jun 2016 11:16:58  START
INFO:root:Tue, 07 Jun 2016 11:16:58  START
INFO:root:evalLimitK
INFO:root:evalLimitK
INFO:root:evalLimitK
INFO:root:evalLimitK
INFO:root:evalLimitK
INFO:root:Tue, 07 Jun 2016 11:19:21  START
INFO:root:evalLimitK
INFO:root:evalLimitK
INFO:root:evalLimitK
INFO:root:evalLimitK
INFO:root:evalLimitK
INFO:root:evalLimitK
INFO:root:evalLimitK
INFO:root:evalLimitK
INFO:root:evalLimitK
INFO:root:evalLimitK
INFO:root:evalLimitK
INFO:root:evalLimitK
INFO:root:evalLimitK
INFO:root:evalLimitK
INFO:root:evalLimitK
INFO:root:evalLimitK
INFO:root:evalLimitK
INFO:root:evalLimitK
INFO:root:evalLimitK
INFO:root:evalLimitK
INFO:root:Tue, 07 Jun 2016 12:57:04  START
INFO:root:evalLimitK
INFO:root:evalLimitK
INFO:root:evalLimitK
INFO:root:evalLimitK
INFO:root:evalLimitK
INFO:root:evalLimitK
INFO:root:evalLimitK
INFO:root:evalLimitK
INFO:root:evalLimitK
INFO:root:evalLimitK
INFO:root:evalLimitK
INFO:root:evalLimitK
INFO:root:evalLimitK
INFO:root:evalLimitK
INFO:root:evalLimitK
INFO:root:evalLimitK
INFO:root:evalLimitK
INFO:root:evalLimitK
INFO:root:evalLimitK
INFO:root:evalLimitK
INFO:root:Tue, 07 Jun 2016 12:57:55  START
INFO:root:evalLimitK
INFO:root:evalLimitK
INFO:root:evalLimitK
INFO:root:evalLimitK
INFO:root:evalLimitK
INFO:root:evalLimitK
INFO:root:evalLimitK
INFO:root:evalLimitK
INFO:root:evalLimitK
INFO:root:evalLimitK
INFO:root:evalLimitK
INFO:root:evalLimitK
INFO:root:evalLimitK
INFO:root:evalLimitK
INFO:root:evalLimitK
INFO:root:evalLimitK
INFO:root:evalLimitK
INFO:root:evalLimitK
INFO:root:evalLimitK
INFO:root:evalLimitK
INFO:root:Tue, 07 Jun 2016 13:00:52  START
INFO:root:evalLimitK
INFO:root:evalLimitK
INFO:root:evalLimitK
INFO:root:evalLimitK
INFO:root:evalLimitK
INFO:root:evalLimitK
INFO:root:evalLimitK
INFO:root:evalLimitK
INFO:root:evalLimitK
INFO:root:evalLimitK
INFO:root:evalLimitK
INFO:root:evalLimitK
INFO:root:evalLimitK
INFO:root:evalLimitK
INFO:root:evalLimitK
INFO:root:evalLimitK
INFO:root:evalLimitK
INFO:root:evalLimitK
INFO:root:evalLimitK
INFO:root:evalLimitK
INFO:root:Tue, 07 Jun 2016 17:49:31  START
INFO:root:Tue, 07 Jun 2016 17:49:50  START
INFO:root:Tue, 07 Jun 2016 17:51:35  START
INFO:root:Tue, 07 Jun 2016 17:54:34  START
INFO:root:Tue, 07 Jun 2016 18:03:55  START
INFO:root:Tue, 07 Jun 2016 18:04:30  START
INFO:root:Tue, 07 Jun 2016 18:05:03  START
INFO:root:Tue, 07 Jun 2016 18:05:24  START
INFO:root:Tue, 07 Jun 2016 18:05:38  START
INFO:root:Tue, 07 Jun 2016 18:05:56  START
INFO:root:Tue, 07 Jun 2016 18:06:05  START
INFO:root:Tue, 07 Jun 2016 18:06:52  START
INFO:root:Tue, 07 Jun 2016 18:08:36  START
INFO:root:Tue, 07 Jun 2016 18:24:01  START
INFO:root:Tue, 07 Jun 2016 23:50:26  START
INFO:root:evalLimit
INFO:root:evalLimit
INFO:root:evalLimit
INFO:root:evalLimit
INFO:root:evalLimit
INFO:root:evalLimit
INFO:root:evalLimit
INFO:root:evalLimit
INFO:root:evalLimit
INFO:root:evalLimit
INFO:root:evalLimit
INFO:root:evalLimit
INFO:root:evalLimit
INFO:root:evalLimit
INFO:root:evalLimit
INFO:root:evalLimit
INFO:root:evalLimit
INFO:root:evalLimit
INFO:root:evalLimit
INFO:root:evalLimit
INFO:root:Tue, 07 Jun 2016 23:51:21  START
INFO:root:evalLimitM
INFO:root:evalLimitM
INFO:root:evalLimitM
INFO:root:evalLimitM
INFO:root:evalLimitM
INFO:root:evalLimitM
INFO:root:evalLimitM
INFO:root:evalLimitM
INFO:root:evalLimitM
INFO:root:evalLimitM
INFO:root:evalLimitM
INFO:root:evalLimitM
INFO:root:evalLimitM
INFO:root:evalLimitM
INFO:root:evalLimitM
INFO:root:evalLimitM
INFO:root:evalLimitM
INFO:root:evalLimitM
INFO:root:evalLimitM
INFO:root:evalLimitM
INFO:root:Tue, 07 Jun 2016 23:52:33  START
INFO:root:evalLimitK
INFO:root:evalLimitK
INFO:root:evalLimitK
INFO:root:evalLimitK
INFO:root:evalLimitK
INFO:root:evalLimitK
INFO:root:evalLimitK
INFO:root:evalLimitK
INFO:root:evalLimitK
INFO:root:evalLimitK
INFO:root:evalLimitK
INFO:root:evalLimitK
INFO:root:evalLimitK
INFO:root:evalLimitK
INFO:root:evalLimitK
INFO:root:evalLimitK
INFO:root:evalLimitK
INFO:root:evalLimitK
INFO:root:evalLimitK
INFO:root:evalLimitK
INFO:root:Wed, 08 Jun 2016 00:30:52  START
INFO:root:evalLimitK
INFO:root:evalLimitK
INFO:root:evalLimitK
INFO:root:evalLimitK
INFO:root:evalLimitK
INFO:root:evalLimitK
INFO:root:evalLimitK
INFO:root:evalLimitK
INFO:root:evalLimitK
INFO:root:evalLimitK
INFO:root:evalLimitK
INFO:root:evalLimitK
INFO:root:evalLimitK
INFO:root:evalLimitK
INFO:root:evalLimitK
INFO:root:evalLimitK
INFO:root:evalLimitK
INFO:root:evalLimitK
INFO:root:evalLimitK
INFO:root:evalLimitK
INFO:root:Wed, 08 Jun 2016 00:32:41  START
INFO:root:evalLimitK
INFO:root:evalLimitK
INFO:root:evalLimitK
INFO:root:evalLimitK
INFO:root:evalLimitK
INFO:root:evalLimitK
INFO:root:evalLimitK
INFO:root:evalLimitK
INFO:root:evalLimitK
INFO:root:evalLimitK
INFO:root:evalLimitK
INFO:root:evalLimitK
INFO:root:evalLimitK
INFO:root:evalLimitK
INFO:root:evalLimitK
INFO:root:evalLimitK
INFO:root:evalLimitK
INFO:root:evalLimitK
INFO:root:evalLimitK
INFO:root:evalLimitK
INFO:root:Wed, 08 Jun 2016 00:37:41  START
INFO:root:evalLimitK
INFO:root:evalLimitK
INFO:root:evalLimitK
INFO:root:evalLimitK
INFO:root:evalLimitK
INFO:root:evalLimitK
INFO:root:evalLimitK
INFO:root:evalLimitK
INFO:root:evalLimitK
INFO:root:evalLimitK
INFO:root:evalLimitK
INFO:root:evalLimitK
INFO:root:evalLimitK
INFO:root:evalLimitK
INFO:root:evalLimitK
INFO:root:evalLimitK
INFO:root:evalLimitK
INFO:root:evalLimitK
INFO:root:evalLimitK
INFO:root:evalLimitK
INFO:root:Wed, 08 Jun 2016 00:38:36  START
INFO:root:evalLimitK
INFO:root:evalLimitK
INFO:root:evalLimitK
INFO:root:evalLimitK
INFO:root:evalLimitK
INFO:root:evalLimitK
INFO:root:evalLimitK
INFO:root:evalLimitK
INFO:root:evalLimitK
INFO:root:evalLimitK
INFO:root:evalLimitK
INFO:root:evalLimitK
INFO:root:evalLimitK
INFO:root:evalLimitK
INFO:root:evalLimitK
INFO:root:evalLimitK
INFO:root:evalLimitK
INFO:root:evalLimitK
INFO:root:evalLimitK
INFO:root:evalLimitK
INFO:root:Wed, 08 Jun 2016 00:39:44  START
INFO:root:evalLimitK
INFO:root:evalLimitK
INFO:root:evalLimitK
INFO:root:evalLimitK
INFO:root:evalLimitK
INFO:root:evalLimitK
INFO:root:evalLimitK
INFO:root:evalLimitK
INFO:root:evalLimitK
INFO:root:evalLimitK
INFO:root:evalLimitK
INFO:root:evalLimitK
INFO:root:evalLimitK
INFO:root:evalLimitK
INFO:root:evalLimitK
INFO:root:evalLimitK
INFO:root:evalLimitK
INFO:root:evalLimitK
INFO:root:evalLimitK
INFO:root:evalLimitK
INFO:root:Wed, 08 Jun 2016 00:42:31  START
INFO:root:evalLimitK
INFO:root:evalLimitK
INFO:root:evalLimitK
INFO:root:evalLimitK
INFO:root:evalLimitK
INFO:root:evalLimitK
INFO:root:evalLimitK
INFO:root:evalLimitK
INFO:root:evalLimitK
INFO:root:evalLimitK
INFO:root:evalLimitK
INFO:root:evalLimitK
INFO:root:evalLimitK
INFO:root:evalLimitK
INFO:root:evalLimitK
INFO:root:evalLimitK
INFO:root:evalLimitK
INFO:root:evalLimitK
INFO:root:evalLimitK
INFO:root:evalLimitK
INFO:root:Wed, 08 Jun 2016 00:46:25  START
INFO:root:evalLimitK
INFO:root:evalLimitK
INFO:root:evalLimitK
INFO:root:evalLimitK
INFO:root:evalLimitK
INFO:root:evalLimitK
INFO:root:evalLimitK
INFO:root:evalLimitK
INFO:root:evalLimitK
INFO:root:evalLimitK
INFO:root:evalLimitK
INFO:root:evalLimitK
INFO:root:evalLimitK
INFO:root:evalLimitK
INFO:root:evalLimitK
INFO:root:evalLimitK
INFO:root:evalLimitK
INFO:root:evalLimitK
INFO:root:evalLimitK
INFO:root:evalLimitK
INFO:root:Wed, 08 Jun 2016 00:50:17  START
INFO:root:evalLimitK
INFO:root:evalLimitK
INFO:root:evalLimitK
INFO:root:evalLimitK
INFO:root:evalLimitK
INFO:root:evalLimitK
INFO:root:evalLimitK
INFO:root:evalLimitK
INFO:root:evalLimitK
INFO:root:evalLimitK
INFO:root:evalLimitK
INFO:root:evalLimitK
INFO:root:evalLimitK
INFO:root:evalLimitK
INFO:root:evalLimitK
INFO:root:evalLimitK
INFO:root:evalLimitK
INFO:root:evalLimitK
INFO:root:evalLimitK
INFO:root:evalLimitK
INFO:root:Wed, 08 Jun 2016 00:57:21  START
INFO:root:evalLimitK
INFO:root:evalLimitK
INFO:root:evalLimitK
INFO:root:evalLimitK
INFO:root:evalLimitK
INFO:root:evalLimitK
INFO:root:evalLimitK
INFO:root:evalLimitK
INFO:root:evalLimitK
INFO:root:evalLimitK
INFO:root:evalLimitK
INFO:root:evalLimitK
INFO:root:evalLimitK
INFO:root:evalLimitK
INFO:root:evalLimitK
INFO:root:evalLimitK
INFO:root:evalLimitK
INFO:root:evalLimitK
INFO:root:evalLimitK
INFO:root:evalLimitK
INFO:root:Wed, 08 Jun 2016 01:09:55  START
INFO:root:evalLimitK
INFO:root:evalLimitK
INFO:root:evalLimitK
INFO:root:evalLimitK
INFO:root:evalLimitK
INFO:root:evalLimitK
INFO:root:evalLimitK
INFO:root:evalLimitK
INFO:root:evalLimitK
INFO:root:evalLimitK
INFO:root:evalLimitK
INFO:root:evalLimitK
INFO:root:evalLimitK
INFO:root:evalLimitK
INFO:root:evalLimitK
INFO:root:evalLimitK
INFO:root:evalLimitK
INFO:root:evalLimitK
INFO:root:evalLimitK
INFO:root:evalLimitK
INFO:root:Wed, 08 Jun 2016 01:18:24  START
INFO:root:Wed, 08 Jun 2016 01:18:58  START
INFO:root:Wed, 08 Jun 2016 01:20:03  START
INFO:root:Wed, 08 Jun 2016 01:21:51  START
INFO:root:evalLimitK
INFO:root:evalLimitK
INFO:root:evalLimitK
INFO:root:evalLimitK
INFO:root:evalLimitK
INFO:root:evalLimitK
INFO:root:evalLimitK
INFO:root:evalLimitK
INFO:root:evalLimitK
INFO:root:evalLimitK
INFO:root:evalLimitK
INFO:root:evalLimitK
INFO:root:evalLimitK
INFO:root:evalLimitK
INFO:root:evalLimitK
INFO:root:evalLimitK
INFO:root:evalLimitK
INFO:root:evalLimitK
INFO:root:evalLimitK
INFO:root:evalLimitK
INFO:root:Wed, 08 Jun 2016 01:23:53  START
INFO:root:evalLimitK
INFO:root:evalLimitK
INFO:root:evalLimitK
INFO:root:evalLimitK
INFO:root:evalLimitK
INFO:root:evalLimitK
INFO:root:evalLimitK
INFO:root:evalLimitK
INFO:root:evalLimitK
INFO:root:evalLimitK
INFO:root:evalLimitK
INFO:root:evalLimitK
INFO:root:evalLimitK
INFO:root:evalLimitK
INFO:root:evalLimitK
INFO:root:evalLimitK
INFO:root:evalLimitK
INFO:root:evalLimitK
INFO:root:evalLimitK
INFO:root:evalLimitK
INFO:root:Wed, 08 Jun 2016 01:28:34  START
INFO:root:evalLimitK
INFO:root:evalLimitK
INFO:root:evalLimitK
INFO:root:evalLimitK
INFO:root:evalLimitK
INFO:root:evalLimitK
INFO:root:evalLimitK
INFO:root:evalLimitK
INFO:root:evalLimitK
INFO:root:evalLimitK
INFO:root:evalLimitK
INFO:root:evalLimitK
INFO:root:evalLimitK
INFO:root:evalLimitK
INFO:root:evalLimitK
INFO:root:evalLimitK
INFO:root:evalLimitK
INFO:root:evalLimitK
INFO:root:evalLimitK
INFO:root:evalLimitK
INFO:root:Wed, 08 Jun 2016 01:32:38  START
INFO:root:evalLimitK
INFO:root:evalLimitK
INFO:root:evalLimitK
INFO:root:evalLimitK
INFO:root:evalLimitK
INFO:root:evalLimitK
INFO:root:evalLimitK
INFO:root:evalLimitK
INFO:root:evalLimitK
INFO:root:evalLimitK
INFO:root:evalLimitK
INFO:root:evalLimitK
INFO:root:evalLimitK
INFO:root:evalLimitK
INFO:root:evalLimitK
INFO:root:evalLimitK
INFO:root:evalLimitK
INFO:root:evalLimitK
INFO:root:evalLimitK
INFO:root:evalLimitK
INFO:root:Wed, 08 Jun 2016 01:34:56  START
INFO:root:evalLimitK
INFO:root:evalLimitK
INFO:root:evalLimitK
INFO:root:evalLimitK
INFO:root:evalLimitK
INFO:root:evalLimitK
INFO:root:evalLimitK
INFO:root:evalLimitK
INFO:root:evalLimitK
INFO:root:evalLimitK
INFO:root:evalLimitK
INFO:root:evalLimitK
INFO:root:evalLimitK
INFO:root:evalLimitK
INFO:root:evalLimitK
INFO:root:evalLimitK
INFO:root:evalLimitK
INFO:root:evalLimitK
INFO:root:evalLimitK
INFO:root:evalLimitK
INFO:root:Wed, 08 Jun 2016 01:36:04  START
INFO:root:evalLimitK
INFO:root:evalLimitK
INFO:root:evalLimitK
INFO:root:evalLimitK
INFO:root:evalLimitK
INFO:root:evalLimitK
INFO:root:evalLimitK
INFO:root:evalLimitK
INFO:root:evalLimitK
INFO:root:evalLimitK
INFO:root:evalLimitK
INFO:root:evalLimitK
INFO:root:evalLimitK
INFO:root:evalLimitK
INFO:root:evalLimitK
INFO:root:evalLimitK
INFO:root:evalLimitK
INFO:root:evalLimitK
INFO:root:evalLimitK
INFO:root:evalLimitK
INFO:root:Wed, 08 Jun 2016 01:36:49  START
INFO:root:evalLimitK
INFO:root:evalLimitK
INFO:root:evalLimitK
INFO:root:evalLimitK
INFO:root:evalLimitK
INFO:root:evalLimitK
INFO:root:evalLimitK
INFO:root:evalLimitK
INFO:root:evalLimitK
INFO:root:evalLimitK
INFO:root:evalLimitK
INFO:root:evalLimitK
INFO:root:evalLimitK
INFO:root:evalLimitK
INFO:root:evalLimitK
INFO:root:evalLimitK
INFO:root:evalLimitK
INFO:root:evalLimitK
INFO:root:evalLimitK
INFO:root:evalLimitK
INFO:root:Wed, 08 Jun 2016 02:35:40  START
INFO:root:evalLimitK
INFO:root:evalLimitK
INFO:root:evalLimitK
INFO:root:evalLimitK
INFO:root:evalLimitK
INFO:root:evalLimitK
INFO:root:evalLimitK
INFO:root:evalLimitK
INFO:root:evalLimitK
INFO:root:evalLimitK
INFO:root:evalLimitK
INFO:root:evalLimitK
INFO:root:evalLimitK
INFO:root:evalLimitK
INFO:root:evalLimitK
INFO:root:evalLimitK
INFO:root:evalLimitK
INFO:root:evalLimitK
INFO:root:evalLimitK
INFO:root:evalLimitK
INFO:root:Wed, 08 Jun 2016 02:49:50  START
INFO:root:evalLimitK
INFO:root:evalLimitK
INFO:root:evalLimitK
INFO:root:evalLimitK
INFO:root:evalLimitK
INFO:root:evalLimitK
INFO:root:evalLimitK
INFO:root:evalLimitK
INFO:root:evalLimitK
INFO:root:evalLimitK
INFO:root:evalLimitK
INFO:root:evalLimitK
INFO:root:evalLimitK
INFO:root:evalLimitK
INFO:root:evalLimitK
INFO:root:evalLimitK
INFO:root:evalLimitK
INFO:root:evalLimitK
INFO:root:evalLimitK
INFO:root:evalLimitK
INFO:root:Wed, 08 Jun 2016 02:55:11  START
INFO:root:evalLimitK
INFO:root:evalLimitK
INFO:root:evalLimitK
INFO:root:evalLimitK
INFO:root:evalLimitK
INFO:root:evalLimitK
INFO:root:evalLimitK
INFO:root:evalLimitK
INFO:root:evalLimitK
INFO:root:evalLimitK
INFO:root:evalLimitK
INFO:root:evalLimitK
INFO:root:evalLimitK
INFO:root:evalLimitK
INFO:root:evalLimitK
INFO:root:evalLimitK
INFO:root:evalLimitK
INFO:root:evalLimitK
INFO:root:evalLimitK
INFO:root:evalLimitK
INFO:root:Wed, 08 Jun 2016 02:58:45  START
INFO:root:evalLimitK
INFO:root:evalLimitK
INFO:root:evalLimitK
INFO:root:evalLimitK
INFO:root:evalLimitK
INFO:root:evalLimitK
INFO:root:evalLimitK
INFO:root:evalLimitK
INFO:root:evalLimitK
INFO:root:evalLimitK
INFO:root:evalLimitK
INFO:root:evalLimitK
INFO:root:evalLimitK
INFO:root:evalLimitK
INFO:root:evalLimitK
INFO:root:evalLimitK
INFO:root:evalLimitK
INFO:root:evalLimitK
INFO:root:evalLimitK
INFO:root:evalLimitK
INFO:root:Wed, 08 Jun 2016 03:00:21  START
INFO:root:evalLimitK
INFO:root:evalLimitK
INFO:root:evalLimitK
INFO:root:evalLimitK
INFO:root:evalLimitK
INFO:root:evalLimitK
INFO:root:evalLimitK
INFO:root:evalLimitK
INFO:root:evalLimitK
INFO:root:evalLimitK
INFO:root:evalLimitK
INFO:root:evalLimitK
INFO:root:evalLimitK
INFO:root:evalLimitK
INFO:root:evalLimitK
INFO:root:evalLimitK
INFO:root:evalLimitK
INFO:root:evalLimitK
INFO:root:evalLimitK
INFO:root:evalLimitK
INFO:root:Wed, 08 Jun 2016 03:02:47  START
INFO:root:evalLimitK
INFO:root:evalLimitK
INFO:root:evalLimitK
INFO:root:evalLimitK
INFO:root:evalLimitK
INFO:root:evalLimitK
INFO:root:evalLimitK
INFO:root:evalLimitK
INFO:root:evalLimitK
INFO:root:evalLimitK
INFO:root:evalLimitK
INFO:root:evalLimitK
INFO:root:evalLimitK
INFO:root:evalLimitK
INFO:root:evalLimitK
INFO:root:evalLimitK
INFO:root:evalLimitK
INFO:root:evalLimitK
INFO:root:evalLimitK
INFO:root:evalLimitK
INFO:root:Wed, 08 Jun 2016 03:07:55  START
INFO:root:evalLimitK
INFO:root:evalLimitK
INFO:root:evalLimitK
INFO:root:evalLimitK
INFO:root:evalLimitK
INFO:root:evalLimitK
INFO:root:evalLimitK
INFO:root:evalLimitK
INFO:root:evalLimitK
INFO:root:evalLimitK
INFO:root:evalLimitK
INFO:root:evalLimitK
INFO:root:evalLimitK
INFO:root:evalLimitK
INFO:root:evalLimitK
INFO:root:evalLimitK
INFO:root:evalLimitK
INFO:root:evalLimitK
INFO:root:evalLimitK
INFO:root:evalLimitK
INFO:root:Wed, 08 Jun 2016 03:10:05  START
INFO:root:evalLimitK
INFO:root:evalLimitK
INFO:root:evalLimitK
INFO:root:evalLimitK
INFO:root:evalLimitK
INFO:root:evalLimitK
INFO:root:evalLimitK
INFO:root:evalLimitK
INFO:root:evalLimitK
INFO:root:evalLimitK
INFO:root:evalLimitK
INFO:root:evalLimitK
INFO:root:evalLimitK
INFO:root:evalLimitK
INFO:root:evalLimitK
INFO:root:evalLimitK
INFO:root:evalLimitK
INFO:root:evalLimitK
INFO:root:evalLimitK
INFO:root:evalLimitK
INFO:root:Wed, 08 Jun 2016 03:13:13  START
INFO:root:evalLimitK
INFO:root:evalLimitK
INFO:root:evalLimitK
INFO:root:evalLimitK
INFO:root:evalLimitK
INFO:root:evalLimitK
INFO:root:evalLimitK
INFO:root:evalLimitK
INFO:root:evalLimitK
INFO:root:evalLimitK
INFO:root:evalLimitK
INFO:root:evalLimitK
INFO:root:evalLimitK
INFO:root:evalLimitK
INFO:root:evalLimitK
INFO:root:evalLimitK
INFO:root:evalLimitK
INFO:root:evalLimitK
INFO:root:evalLimitK
INFO:root:evalLimitK
INFO:root:Wed, 08 Jun 2016 03:15:38  START
INFO:root:evalLimitK
INFO:root:evalLimitK
INFO:root:evalLimitK
INFO:root:evalLimitK
INFO:root:evalLimitK
INFO:root:evalLimitK
INFO:root:evalLimitK
INFO:root:evalLimitK
INFO:root:evalLimitK
INFO:root:evalLimitK
INFO:root:evalLimitK
INFO:root:evalLimitK
INFO:root:evalLimitK
INFO:root:evalLimitK
INFO:root:evalLimitK
INFO:root:evalLimitK
INFO:root:evalLimitK
INFO:root:evalLimitK
INFO:root:evalLimitK
INFO:root:evalLimitK
INFO:root:Wed, 08 Jun 2016 03:17:31  START
INFO:root:evalLimitK
INFO:root:evalLimitK
INFO:root:evalLimitK
INFO:root:evalLimitK
INFO:root:evalLimitK
INFO:root:evalLimitK
INFO:root:evalLimitK
INFO:root:evalLimitK
INFO:root:evalLimitK
INFO:root:evalLimitK
INFO:root:evalLimitK
INFO:root:evalLimitK
INFO:root:evalLimitK
INFO:root:evalLimitK
INFO:root:evalLimitK
INFO:root:evalLimitK
INFO:root:evalLimitK
INFO:root:evalLimitK
INFO:root:evalLimitK
INFO:root:evalLimitK
INFO:root:Wed, 08 Jun 2016 03:19:58  START
INFO:root:evalLimitK
INFO:root:evalLimitK
INFO:root:evalLimitK
INFO:root:evalLimitK
INFO:root:evalLimitK
INFO:root:evalLimitK
INFO:root:evalLimitK
INFO:root:evalLimitK
INFO:root:evalLimitK
INFO:root:evalLimitK
INFO:root:evalLimitK
INFO:root:evalLimitK
INFO:root:evalLimitK
INFO:root:evalLimitK
INFO:root:evalLimitK
INFO:root:evalLimitK
INFO:root:evalLimitK
INFO:root:evalLimitK
INFO:root:evalLimitK
INFO:root:evalLimitK
INFO:root:Wed, 08 Jun 2016 03:24:05  START
INFO:root:evalLimitK
INFO:root:evalLimitK
INFO:root:evalLimitK
INFO:root:evalLimitK
INFO:root:evalLimitK
INFO:root:evalLimitK
INFO:root:evalLimitK
INFO:root:evalLimitK
INFO:root:evalLimitK
INFO:root:evalLimitK
INFO:root:evalLimitK
INFO:root:evalLimitK
INFO:root:evalLimitK
INFO:root:evalLimitK
INFO:root:evalLimitK
INFO:root:evalLimitK
INFO:root:evalLimitK
INFO:root:evalLimitK
INFO:root:evalLimitK
INFO:root:evalLimitK
INFO:root:Wed, 08 Jun 2016 03:26:11  START
INFO:root:evalLimitK
INFO:root:evalLimitK
INFO:root:evalLimitK
INFO:root:evalLimitK
INFO:root:evalLimitK
INFO:root:evalLimitK
INFO:root:evalLimitK
INFO:root:evalLimitK
INFO:root:evalLimitK
INFO:root:evalLimitK
INFO:root:evalLimitK
INFO:root:evalLimitK
INFO:root:evalLimitK
INFO:root:evalLimitK
INFO:root:evalLimitK
INFO:root:evalLimitK
INFO:root:evalLimitK
INFO:root:evalLimitK
INFO:root:evalLimitK
INFO:root:evalLimitK
INFO:root:Wed, 08 Jun 2016 03:27:39  START
INFO:root:evalLimitK
INFO:root:evalLimitK
INFO:root:evalLimitK
INFO:root:evalLimitK
INFO:root:evalLimitK
INFO:root:evalLimitK
INFO:root:evalLimitK
INFO:root:evalLimitK
INFO:root:evalLimitK
INFO:root:evalLimitK
INFO:root:evalLimitK
INFO:root:evalLimitK
INFO:root:evalLimitK
INFO:root:evalLimitK
INFO:root:evalLimitK
INFO:root:evalLimitK
INFO:root:evalLimitK
INFO:root:evalLimitK
INFO:root:evalLimitK
INFO:root:evalLimitK
INFO:root:Wed, 08 Jun 2016 03:29:25  START
INFO:root:evalLimitK
INFO:root:evalLimitK
INFO:root:evalLimitK
INFO:root:evalLimitK
INFO:root:evalLimitK
INFO:root:evalLimitK
INFO:root:evalLimitK
INFO:root:evalLimitK
INFO:root:evalLimitK
INFO:root:evalLimitK
INFO:root:evalLimitK
INFO:root:evalLimitK
INFO:root:evalLimitK
INFO:root:evalLimitK
INFO:root:evalLimitK
INFO:root:evalLimitK
INFO:root:evalLimitK
INFO:root:evalLimitK
INFO:root:evalLimitK
INFO:root:evalLimitK
INFO:root:Wed, 08 Jun 2016 03:30:40  START
INFO:root:evalLimitK
INFO:root:evalLimitK
INFO:root:evalLimitK
INFO:root:evalLimitK
INFO:root:evalLimitK
INFO:root:evalLimitK
INFO:root:evalLimitK
INFO:root:evalLimitK
INFO:root:evalLimitK
INFO:root:evalLimitK
INFO:root:evalLimitK
INFO:root:evalLimitK
INFO:root:evalLimitK
INFO:root:evalLimitK
INFO:root:evalLimitK
INFO:root:evalLimitK
INFO:root:evalLimitK
INFO:root:evalLimitK
INFO:root:evalLimitK
INFO:root:evalLimitK
INFO:root:Wed, 08 Jun 2016 03:40:47  START
INFO:root:evalLimitK
INFO:root:evalLimitK
INFO:root:evalLimitK
INFO:root:evalLimitK
INFO:root:Wed, 08 Jun 2016 03:47:08  START
INFO:root:evalLimitK
INFO:root:evalLimitK
INFO:root:evalLimitK
INFO:root:evalLimitK
INFO:root:evalLimitK
INFO:root:evalLimitK
INFO:root:evalLimitK
INFO:root:evalLimitK
INFO:root:evalLimitK
INFO:root:evalLimitK
INFO:root:evalLimitK
INFO:root:evalLimitK
INFO:root:evalLimitK
INFO:root:evalLimitK
INFO:root:evalLimitK
INFO:root:evalLimitK
INFO:root:evalLimitK
INFO:root:evalLimitK
INFO:root:evalLimitK
INFO:root:evalLimitK
INFO:root:Wed, 08 Jun 2016 12:30:27  START
INFO:root:evalLimitK
INFO:root:evalLimitK
INFO:root:evalLimitK
INFO:root:evalLimitK
INFO:root:evalLimitK
INFO:root:evalLimitK
INFO:root:evalLimitK
INFO:root:evalLimitK
INFO:root:evalLimitK
INFO:root:evalLimitK
INFO:root:evalLimitK
INFO:root:evalLimitK
INFO:root:evalLimitK
INFO:root:evalLimitK
INFO:root:evalLimitK
INFO:root:evalLimitK
INFO:root:evalLimitK
INFO:root:evalLimitK
INFO:root:evalLimitK
INFO:root:evalLimitK
INFO:root:Wed, 08 Jun 2016 12:47:18  START
INFO:root:evalLimitK
INFO:root:evalLimitK
INFO:root:evalLimitK
INFO:root:evalLimitK
INFO:root:evalLimitK
INFO:root:evalLimitK
INFO:root:evalLimitK
INFO:root:evalLimitK
INFO:root:evalLimitK
INFO:root:evalLimitK
INFO:root:Wed, 08 Jun 2016 12:57:59  START
INFO:root:evalLimitK
INFO:root:evalLimitK
INFO:root:evalLimitK
INFO:root:evalLimitK
INFO:root:evalLimitK
INFO:root:evalLimitK
INFO:root:evalLimitK
INFO:root:evalLimitK
INFO:root:evalLimitK
INFO:root:evalLimitK
INFO:root:Wed, 08 Jun 2016 13:20:07  START
INFO:root:evalLimitK
INFO:root:evalLimitK
INFO:root:evalLimitK
INFO:root:evalLimitK
INFO:root:evalLimitK
INFO:root:evalLimitK
INFO:root:evalLimitK
INFO:root:evalLimitK
INFO:root:evalLimitK
INFO:root:evalLimitK
INFO:root:Wed, 08 Jun 2016 15:09:25  START
INFO:root:Wed, 08 Jun 2016 15:09:46  START
INFO:root:Wed, 08 Jun 2016 15:11:25  START
INFO:root:Wed, 08 Jun 2016 15:30:18  START
INFO:root:Wed, 08 Jun 2016 15:32:08  START
INFO:root:Wed, 08 Jun 2016 15:32:54  START
INFO:root:Wed, 08 Jun 2016 15:33:41  START
INFO:root:Wed, 08 Jun 2016 15:34:18  START
INFO:root:Wed, 08 Jun 2016 15:34:59  START
INFO:root:Wed, 08 Jun 2016 15:36:15  START
INFO:root:Wed, 08 Jun 2016 15:36:54  START
INFO:root:Wed, 08 Jun 2016 15:39:33  START
INFO:root:evalLimitK
INFO:root:Wed, 08 Jun 2016 15:39:48  START
INFO:root:Wed, 08 Jun 2016 16:03:52  START
INFO:root:Thu, 09 Jun 2016 16:37:14  START
INFO:root:evalLimitKC
INFO:root:evalLimitKC
INFO:root:evalLimitKC
INFO:root:evalLimitKC
INFO:root:evalLimitKC
INFO:root:evalLimitKC
INFO:root:evalLimitKC
INFO:root:evalLimitKC
INFO:root:evalLimitKC
INFO:root:evalLimitKC
INFO:root:evalLimitKC
INFO:root:evalLimitKC
INFO:root:evalLimitKC
INFO:root:evalLimitKC
INFO:root:evalLimitKC
INFO:root:evalLimitKC
INFO:root:evalLimitKC
INFO:root:evalLimitKC
INFO:root:evalLimitKC
INFO:root:evalLimitKC
INFO:root:Thu, 09 Jun 2016 17:23:10  START
INFO:root:evalLimitKC
INFO:root:evalLimitKC
INFO:root:evalLimitKC
INFO:root:evalLimitKC
INFO:root:evalLimitKC
INFO:root:evalLimitKC
INFO:root:evalLimitKC
INFO:root:evalLimitKC
INFO:root:evalLimitKC
INFO:root:evalLimitKC
INFO:root:evalLimitKC
INFO:root:evalLimitKC
INFO:root:evalLimitKC
INFO:root:evalLimitKC
INFO:root:evalLimitKC
INFO:root:evalLimitKC
INFO:root:evalLimitKC
INFO:root:evalLimitKC
INFO:root:evalLimitKC
INFO:root:evalLimitKC
INFO:root:Thu, 09 Jun 2016 17:59:36  START
INFO:root:Thu, 09 Jun 2016 18:04:59  START
INFO:root:Thu, 09 Jun 2016 18:05:22  START
INFO:root:Thu, 09 Jun 2016 18:09:02  START
INFO:root:evalLimitKM
INFO:root:evalLimitKM
INFO:root:evalLimitKM
INFO:root:evalLimitKM
INFO:root:evalLimitKM
INFO:root:evalLimitKM
INFO:root:evalLimitKM
INFO:root:evalLimitKM
INFO:root:evalLimitKM
INFO:root:evalLimitKM
INFO:root:Fri, 17 Jun 2016 16:05:29  START
INFO:root:Fri, 17 Jun 2016 16:07:32  START
INFO:root:Fri, 17 Jun 2016 16:35:08  START
INFO:root:Fri, 17 Jun 2016 16:37:06  START
INFO:root:Fri, 17 Jun 2016 16:37:32  START
INFO:root:Fri, 17 Jun 2016 17:57:00  START
INFO:root:Sat, 18 Jun 2016 13:40:33  START
INFO:root:Sat, 18 Jun 2016 13:41:07  START
INFO:root:Sat, 18 Jun 2016 13:41:15  START
INFO:root:Fri, 12 Aug 2016 16:47:06  START
